2025-02-02 19:53:18,658 - INFO - Loaded 21 URLs from C:\Users\Vivek\Documents\MikroTik_dis\urls.txt
2025-02-02 19:53:19,150 - INFO - Crawling: "https://help.mikrotik.com/docs/spaces/ROS/pages/19136707/Software+Specifications",
2025-02-02 19:53:19,154 - INFO - Crawling: "https://help.mikrotik.com/docs/spaces/ROS/pages/146440194/Feature+support+based+on+architecture",
2025-02-02 19:53:21,169 - INFO - Completed batch 1 of 11
2025-02-02 19:53:21,169 - INFO - Crawling: "https://help.mikrotik.com/docs/spaces/ROS/pages/328151/First+Time+Configuration",
2025-02-02 19:53:21,172 - INFO - Crawling: "https://help.mikrotik.com/docs/spaces/ROS/pages/328353/Securing+your+router",
2025-02-02 19:53:23,181 - INFO - Completed batch 2 of 11
2025-02-02 19:53:23,181 - INFO - Crawling: "https://help.mikrotik.com/docs/spaces/ROS/pages/328142/Upgrading+and+installation",
2025-02-02 19:53:23,183 - INFO - Crawling: "https://help.mikrotik.com/docs/spaces/ROS/pages/40992872/Packages",
2025-02-02 19:53:25,198 - INFO - Completed batch 3 of 11
2025-02-02 19:53:25,198 - INFO - Crawling: "https://help.mikrotik.com/docs/spaces/ROS/pages/328155/Configuration+Management",
2025-02-02 19:53:25,200 - INFO - Crawling: "https://help.mikrotik.com/docs/spaces/ROS/pages/167706788/Default+configurations",
2025-02-02 19:53:27,214 - INFO - Completed batch 4 of 11
2025-02-02 19:53:27,214 - INFO - Crawling: "https://help.mikrotik.com/docs/spaces/ROS/pages/8978498/Console",
2025-02-02 19:53:27,217 - INFO - Crawling: "https://help.mikrotik.com/docs/spaces/ROS/pages/24805498/Reset+Button",
2025-02-02 19:53:29,232 - INFO - Completed batch 5 of 11
2025-02-02 19:53:29,232 - INFO - Crawling: "https://help.mikrotik.com/docs/spaces/ROS/pages/40992852/Backup",
2025-02-02 19:53:29,235 - INFO - Crawling: "https://help.mikrotik.com/docs/spaces/ROS/pages/24805390/Netinstall",
2025-02-02 19:53:31,251 - INFO - Completed batch 6 of 11
2025-02-02 19:53:31,251 - INFO - Crawling: "https://help.mikrotik.com/docs/spaces/ROS/pages/328106/Supout.rif",
2025-02-02 19:53:31,254 - INFO - Crawling: "https://help.mikrotik.com/docs/spaces/ROS/pages/328149/RouterOS+license+keys",
2025-02-02 19:53:33,271 - INFO - Completed batch 7 of 11
2025-02-02 19:53:33,271 - INFO - Crawling: "https://help.mikrotik.com/docs/spaces/ROS/pages/18350234/Cloud+Hosted+Router+CHR",
2025-02-02 19:53:33,273 - INFO - Crawling: "https://help.mikrotik.com/docs/spaces/ROS/pages/262864931/CHR+installing+on+VirtualBox",
2025-02-02 19:53:35,287 - INFO - Completed batch 8 of 11
2025-02-02 19:53:35,287 - INFO - Crawling: "https://help.mikrotik.com/docs/spaces/ROS/pages/263749814/CHR+Hetzner+Cloud+Installation",
2025-02-02 19:53:35,289 - INFO - Crawling: "https://help.mikrotik.com/docs/spaces/ROS/pages/48660553/CHR+ProxMox+installation",
2025-02-02 19:53:37,306 - INFO - Completed batch 9 of 11
2025-02-02 19:53:37,306 - INFO - Crawling: "https://help.mikrotik.com/docs/spaces/ROS/pages/146997259/CHR+Vultr+installation",
2025-02-02 19:53:37,309 - INFO - Crawling: "https://help.mikrotik.com/docs/spaces/ROS/pages/115736772/Upgrading+to+v7",
2025-02-02 19:53:39,323 - INFO - Completed batch 10 of 11
2025-02-02 19:53:39,323 - INFO - Crawling: "https://help.mikrotik.com/docs/spaces/ROS/pages/136839241/RouterBOOT"
2025-02-02 19:53:41,332 - INFO - Completed batch 11 of 11
2025-02-02 19:54:31,519 - INFO - Loaded 21 URLs from C:\Users\Vivek\Documents\MikroTik_dis\urls.txt
2025-02-02 19:54:32,030 - INFO - Crawling: https://help.mikrotik.com/docs/spaces/ROS/pages/19136707/Software+Specifications,
2025-02-02 19:54:32,032 - INFO - Crawling: https://help.mikrotik.com/docs/spaces/ROS/pages/146440194/Feature+support+based+on+architecture,
2025-02-02 19:54:34,168 - INFO - Saved: C:\Users\Vivek\Documents\MikroTik_dis\Scraped_Data\mikrotik_docs\Feature_support_based_on_architecture,.md
2025-02-02 19:54:34,171 - INFO - Saved: C:\Users\Vivek\Documents\MikroTik_dis\Scraped_Data\mikrotik_docs\Software_Specifications,.md
2025-02-02 19:54:36,174 - INFO - Completed batch 1 of 11
2025-02-02 19:54:36,174 - INFO - Crawling: https://help.mikrotik.com/docs/spaces/ROS/pages/328151/First+Time+Configuration ,
2025-02-02 19:54:36,174 - INFO - Crawling: https://help.mikrotik.com/docs/spaces/ROS/pages/328353/Securing+your+router ,
2025-02-02 19:54:36,913 - INFO - Saved: C:\Users\Vivek\Documents\MikroTik_dis\Scraped_Data\mikrotik_docs\Securing_your_router ,.md
2025-02-02 19:54:36,918 - INFO - Saved: C:\Users\Vivek\Documents\MikroTik_dis\Scraped_Data\mikrotik_docs\First_Time_Configuration ,.md
2025-02-02 19:54:38,922 - INFO - Completed batch 2 of 11
2025-02-02 19:54:38,922 - INFO - Crawling: https://help.mikrotik.com/docs/spaces/ROS/pages/328142/Upgrading+and+installation ,
2025-02-02 19:54:38,922 - INFO - Crawling: https://help.mikrotik.com/docs/spaces/ROS/pages/40992872/Packages ,
2025-02-02 19:54:39,590 - INFO - Saved: C:\Users\Vivek\Documents\MikroTik_dis\Scraped_Data\mikrotik_docs\Packages ,.md
2025-02-02 19:54:39,741 - INFO - Saved: C:\Users\Vivek\Documents\MikroTik_dis\Scraped_Data\mikrotik_docs\Upgrading_and_installation ,.md
2025-02-02 19:54:41,743 - INFO - Completed batch 3 of 11
2025-02-02 19:54:41,743 - INFO - Crawling: https://help.mikrotik.com/docs/spaces/ROS/pages/328155/Configuration+Management ,
2025-02-02 19:54:41,743 - INFO - Crawling: https://help.mikrotik.com/docs/spaces/ROS/pages/167706788/Default+configurations ,
2025-02-02 19:54:42,534 - INFO - Saved: C:\Users\Vivek\Documents\MikroTik_dis\Scraped_Data\mikrotik_docs\Configuration_Management ,.md
2025-02-02 19:54:42,539 - INFO - Saved: C:\Users\Vivek\Documents\MikroTik_dis\Scraped_Data\mikrotik_docs\Default_configurations ,.md
2025-02-02 19:54:44,546 - INFO - Completed batch 4 of 11
2025-02-02 19:54:44,546 - INFO - Crawling: https://help.mikrotik.com/docs/spaces/ROS/pages/8978498/Console ,
2025-02-02 19:54:44,547 - INFO - Crawling: https://help.mikrotik.com/docs/spaces/ROS/pages/24805498/Reset+Button ,
2025-02-02 19:54:45,259 - INFO - Saved: C:\Users\Vivek\Documents\MikroTik_dis\Scraped_Data\mikrotik_docs\Reset_Button ,.md
2025-02-02 19:54:45,267 - INFO - Saved: C:\Users\Vivek\Documents\MikroTik_dis\Scraped_Data\mikrotik_docs\Console ,.md
2025-02-02 19:54:47,270 - INFO - Completed batch 5 of 11
2025-02-02 19:54:47,270 - INFO - Crawling: https://help.mikrotik.com/docs/spaces/ROS/pages/40992852/Backup ,
2025-02-02 19:54:47,270 - INFO - Crawling: https://help.mikrotik.com/docs/spaces/ROS/pages/24805390/Netinstall ,
2025-02-02 19:54:47,962 - INFO - Saved: C:\Users\Vivek\Documents\MikroTik_dis\Scraped_Data\mikrotik_docs\Backup ,.md
2025-02-02 19:54:48,018 - INFO - Saved: C:\Users\Vivek\Documents\MikroTik_dis\Scraped_Data\mikrotik_docs\Netinstall ,.md
2025-02-02 19:54:50,027 - INFO - Completed batch 6 of 11
2025-02-02 19:54:50,027 - INFO - Crawling: https://help.mikrotik.com/docs/spaces/ROS/pages/328106/Supout.rif ,
2025-02-02 19:54:50,027 - INFO - Crawling: https://help.mikrotik.com/docs/spaces/ROS/pages/328149/RouterOS+license+keys ,
2025-02-02 19:54:50,645 - INFO - Saved: C:\Users\Vivek\Documents\MikroTik_dis\Scraped_Data\mikrotik_docs\Supout.md
2025-02-02 19:54:50,746 - INFO - Saved: C:\Users\Vivek\Documents\MikroTik_dis\Scraped_Data\mikrotik_docs\RouterOS_license_keys ,.md
2025-02-02 19:54:52,749 - INFO - Completed batch 7 of 11
2025-02-02 19:54:52,749 - INFO - Crawling: https://help.mikrotik.com/docs/spaces/ROS/pages/18350234/Cloud+Hosted+Router+CHR ,
2025-02-02 19:54:52,749 - INFO - Crawling: https://help.mikrotik.com/docs/spaces/ROS/pages/262864931/CHR+installing+on+VirtualBox ,
2025-02-02 19:54:53,474 - INFO - Saved: C:\Users\Vivek\Documents\MikroTik_dis\Scraped_Data\mikrotik_docs\CHR_installing_on_VirtualBox ,.md
2025-02-02 19:54:53,486 - INFO - Saved: C:\Users\Vivek\Documents\MikroTik_dis\Scraped_Data\mikrotik_docs\Cloud_Hosted_Router_CHR ,.md
2025-02-02 19:54:55,492 - INFO - Completed batch 8 of 11
2025-02-02 19:54:55,492 - INFO - Crawling: https://help.mikrotik.com/docs/spaces/ROS/pages/263749814/CHR+Hetzner+Cloud+Installation ,
2025-02-02 19:54:55,492 - INFO - Crawling: https://help.mikrotik.com/docs/spaces/ROS/pages/48660553/CHR+ProxMox+installation ,
2025-02-02 19:54:56,203 - INFO - Saved: C:\Users\Vivek\Documents\MikroTik_dis\Scraped_Data\mikrotik_docs\CHR_Hetzner_Cloud_Installation ,.md
2025-02-02 19:54:56,207 - INFO - Saved: C:\Users\Vivek\Documents\MikroTik_dis\Scraped_Data\mikrotik_docs\CHR_ProxMox_installation ,.md
2025-02-02 19:54:58,222 - INFO - Completed batch 9 of 11
2025-02-02 19:54:58,222 - INFO - Crawling: https://help.mikrotik.com/docs/spaces/ROS/pages/146997259/CHR+Vultr+installation ,
2025-02-02 19:54:58,222 - INFO - Crawling: https://help.mikrotik.com/docs/spaces/ROS/pages/115736772/Upgrading+to+v7 ,
2025-02-02 19:54:58,984 - INFO - Saved: C:\Users\Vivek\Documents\MikroTik_dis\Scraped_Data\mikrotik_docs\Upgrading_to_v7 ,.md
2025-02-02 19:54:58,990 - INFO - Saved: C:\Users\Vivek\Documents\MikroTik_dis\Scraped_Data\mikrotik_docs\CHR_Vultr_installation ,.md
2025-02-02 19:55:00,993 - INFO - Completed batch 10 of 11
2025-02-02 19:55:00,993 - INFO - Crawling: https://help.mikrotik.com/docs/spaces/ROS/pages/136839241/RouterBOOT
2025-02-02 19:55:01,649 - INFO - Saved: C:\Users\Vivek\Documents\MikroTik_dis\Scraped_Data\mikrotik_docs\RouterBOOT.md
2025-02-02 19:55:03,657 - INFO - Completed batch 11 of 11
2025-02-02 20:00:13,865 - INFO - Loaded 21 URLs from C:\Users\Vivek\Documents\MikroTik_dis\urls.txt
2025-02-02 20:00:14,360 - INFO - Crawling: https://help.mikrotik.com/docs/spaces/ROS/pages/19136707/Software+Specifications,
2025-02-02 20:00:14,362 - INFO - Crawling: https://help.mikrotik.com/docs/spaces/ROS/pages/146440194/Feature+support+based+on+architecture,
2025-02-02 20:00:14,486 - INFO - Saved: C:\Users\Vivek\Documents\MikroTik_dis\Scraped_Data\mikrotik_docs\Feature_support_based_on_architecture,.md
2025-02-02 20:00:14,506 - INFO - Saved: C:\Users\Vivek\Documents\MikroTik_dis\Scraped_Data\mikrotik_docs\Software_Specifications,.md
2025-02-02 20:00:16,513 - INFO - Completed batch 1 of 11
2025-02-02 20:00:16,513 - INFO - Crawling: https://help.mikrotik.com/docs/spaces/ROS/pages/328151/First+Time+Configuration ,
2025-02-02 20:00:16,513 - INFO - Crawling: https://help.mikrotik.com/docs/spaces/ROS/pages/328353/Securing+your+router ,
2025-02-02 20:00:16,598 - INFO - Saved: C:\Users\Vivek\Documents\MikroTik_dis\Scraped_Data\mikrotik_docs\Securing_your_router ,.md
2025-02-02 20:00:16,657 - INFO - Saved: C:\Users\Vivek\Documents\MikroTik_dis\Scraped_Data\mikrotik_docs\First_Time_Configuration ,.md
2025-02-02 20:00:18,664 - INFO - Completed batch 2 of 11
2025-02-02 20:00:18,664 - INFO - Crawling: https://help.mikrotik.com/docs/spaces/ROS/pages/328142/Upgrading+and+installation ,
2025-02-02 20:00:18,664 - INFO - Crawling: https://help.mikrotik.com/docs/spaces/ROS/pages/40992872/Packages ,
2025-02-02 20:00:18,761 - INFO - Saved: C:\Users\Vivek\Documents\MikroTik_dis\Scraped_Data\mikrotik_docs\Packages ,.md
2025-02-02 20:00:18,827 - INFO - Saved: C:\Users\Vivek\Documents\MikroTik_dis\Scraped_Data\mikrotik_docs\Upgrading_and_installation ,.md
2025-02-02 20:00:20,843 - INFO - Completed batch 3 of 11
2025-02-02 20:00:20,843 - INFO - Crawling: https://help.mikrotik.com/docs/spaces/ROS/pages/328155/Configuration+Management ,
2025-02-02 20:00:20,843 - INFO - Crawling: https://help.mikrotik.com/docs/spaces/ROS/pages/167706788/Default+configurations ,
2025-02-02 20:00:20,944 - INFO - Saved: C:\Users\Vivek\Documents\MikroTik_dis\Scraped_Data\mikrotik_docs\Configuration_Management ,.md
2025-02-02 20:00:20,979 - INFO - Saved: C:\Users\Vivek\Documents\MikroTik_dis\Scraped_Data\mikrotik_docs\Default_configurations ,.md
2025-02-02 20:00:22,983 - INFO - Completed batch 4 of 11
2025-02-02 20:00:22,983 - INFO - Crawling: https://help.mikrotik.com/docs/spaces/ROS/pages/8978498/Console ,
2025-02-02 20:00:22,984 - INFO - Crawling: https://help.mikrotik.com/docs/spaces/ROS/pages/24805498/Reset+Button ,
2025-02-02 20:00:23,069 - INFO - Saved: C:\Users\Vivek\Documents\MikroTik_dis\Scraped_Data\mikrotik_docs\Reset_Button ,.md
2025-02-02 20:00:23,105 - INFO - Saved: C:\Users\Vivek\Documents\MikroTik_dis\Scraped_Data\mikrotik_docs\Console ,.md
2025-02-02 20:00:25,110 - INFO - Completed batch 5 of 11
2025-02-02 20:00:25,110 - INFO - Crawling: https://help.mikrotik.com/docs/spaces/ROS/pages/40992852/Backup ,
2025-02-02 20:00:25,111 - INFO - Crawling: https://help.mikrotik.com/docs/spaces/ROS/pages/24805390/Netinstall ,
2025-02-02 20:00:25,222 - INFO - Saved: C:\Users\Vivek\Documents\MikroTik_dis\Scraped_Data\mikrotik_docs\Backup ,.md
2025-02-02 20:00:25,249 - INFO - Saved: C:\Users\Vivek\Documents\MikroTik_dis\Scraped_Data\mikrotik_docs\Netinstall ,.md
2025-02-02 20:00:27,264 - INFO - Completed batch 6 of 11
2025-02-02 20:00:27,264 - INFO - Crawling: https://help.mikrotik.com/docs/spaces/ROS/pages/328106/Supout.rif ,
2025-02-02 20:00:27,264 - INFO - Crawling: https://help.mikrotik.com/docs/spaces/ROS/pages/328149/RouterOS+license+keys ,
2025-02-02 20:00:27,357 - INFO - Saved: C:\Users\Vivek\Documents\MikroTik_dis\Scraped_Data\mikrotik_docs\Supout.md
2025-02-02 20:00:27,427 - INFO - Saved: C:\Users\Vivek\Documents\MikroTik_dis\Scraped_Data\mikrotik_docs\RouterOS_license_keys ,.md
2025-02-02 20:00:29,438 - INFO - Completed batch 7 of 11
2025-02-02 20:00:29,438 - INFO - Crawling: https://help.mikrotik.com/docs/spaces/ROS/pages/18350234/Cloud+Hosted+Router+CHR ,
2025-02-02 20:00:29,438 - INFO - Crawling: https://help.mikrotik.com/docs/spaces/ROS/pages/262864931/CHR+installing+on+VirtualBox ,
2025-02-02 20:00:29,529 - INFO - Saved: C:\Users\Vivek\Documents\MikroTik_dis\Scraped_Data\mikrotik_docs\CHR_installing_on_VirtualBox ,.md
2025-02-02 20:00:29,563 - INFO - Saved: C:\Users\Vivek\Documents\MikroTik_dis\Scraped_Data\mikrotik_docs\Cloud_Hosted_Router_CHR ,.md
2025-02-02 20:00:31,568 - INFO - Completed batch 8 of 11
2025-02-02 20:00:31,568 - INFO - Crawling: https://help.mikrotik.com/docs/spaces/ROS/pages/263749814/CHR+Hetzner+Cloud+Installation ,
2025-02-02 20:00:31,569 - INFO - Crawling: https://help.mikrotik.com/docs/spaces/ROS/pages/48660553/CHR+ProxMox+installation ,
2025-02-02 20:00:31,653 - INFO - Saved: C:\Users\Vivek\Documents\MikroTik_dis\Scraped_Data\mikrotik_docs\CHR_ProxMox_installation ,.md
2025-02-02 20:00:31,667 - INFO - Saved: C:\Users\Vivek\Documents\MikroTik_dis\Scraped_Data\mikrotik_docs\CHR_Hetzner_Cloud_Installation ,.md
2025-02-02 20:00:33,674 - INFO - Completed batch 9 of 11
2025-02-02 20:00:33,674 - INFO - Crawling: https://help.mikrotik.com/docs/spaces/ROS/pages/146997259/CHR+Vultr+installation ,
2025-02-02 20:00:33,674 - INFO - Crawling: https://help.mikrotik.com/docs/spaces/ROS/pages/115736772/Upgrading+to+v7 ,
2025-02-02 20:00:33,761 - INFO - Saved: C:\Users\Vivek\Documents\MikroTik_dis\Scraped_Data\mikrotik_docs\Upgrading_to_v7 ,.md
2025-02-02 20:00:33,944 - INFO - Saved: C:\Users\Vivek\Documents\MikroTik_dis\Scraped_Data\mikrotik_docs\CHR_Vultr_installation ,.md
2025-02-02 20:00:35,953 - INFO - Completed batch 10 of 11
2025-02-02 20:00:35,953 - INFO - Crawling: https://help.mikrotik.com/docs/spaces/ROS/pages/136839241/RouterBOOT
2025-02-02 20:00:36,039 - INFO - Saved: C:\Users\Vivek\Documents\MikroTik_dis\Scraped_Data\mikrotik_docs\RouterBOOT.md
2025-02-02 20:00:38,048 - INFO - Completed batch 11 of 11
2025-02-02 20:05:07,394 - INFO - Loaded 21 URLs from C:\Users\Vivek\Documents\MikroTik_dis\urls.txt
2025-02-02 20:05:07,885 - INFO - Crawling: https://help.mikrotik.com/docs/spaces/ROS/pages/19136707/Software+Specifications,
2025-02-02 20:05:07,887 - INFO - Crawling: https://help.mikrotik.com/docs/spaces/ROS/pages/146440194/Feature+support+based+on+architecture,
2025-02-02 20:05:07,950 - INFO - Saved: C:\Users\Vivek\Documents\MikroTik_dis\Scraped_Data\mikrotik_docs\Software_Specifications,.md
2025-02-02 20:05:07,966 - INFO - Saved: C:\Users\Vivek\Documents\MikroTik_dis\Scraped_Data\mikrotik_docs\Feature_support_based_on_architecture,.md
2025-02-02 20:05:09,972 - INFO - Completed batch 1 of 11
2025-02-02 20:05:09,972 - INFO - Crawling: https://help.mikrotik.com/docs/spaces/ROS/pages/328151/First+Time+Configuration ,
2025-02-02 20:05:09,972 - INFO - Crawling: https://help.mikrotik.com/docs/spaces/ROS/pages/328353/Securing+your+router ,
2025-02-02 20:05:10,005 - INFO - Saved: C:\Users\Vivek\Documents\MikroTik_dis\Scraped_Data\mikrotik_docs\First_Time_Configuration ,.md
2025-02-02 20:05:10,021 - INFO - Saved: C:\Users\Vivek\Documents\MikroTik_dis\Scraped_Data\mikrotik_docs\Securing_your_router ,.md
2025-02-02 20:05:12,028 - INFO - Completed batch 2 of 11
2025-02-02 20:05:12,028 - INFO - Crawling: https://help.mikrotik.com/docs/spaces/ROS/pages/328142/Upgrading+and+installation ,
2025-02-02 20:05:12,028 - INFO - Crawling: https://help.mikrotik.com/docs/spaces/ROS/pages/40992872/Packages ,
2025-02-02 20:05:12,053 - INFO - Saved: C:\Users\Vivek\Documents\MikroTik_dis\Scraped_Data\mikrotik_docs\Upgrading_and_installation ,.md
2025-02-02 20:05:12,077 - INFO - Saved: C:\Users\Vivek\Documents\MikroTik_dis\Scraped_Data\mikrotik_docs\Packages ,.md
2025-02-02 20:05:14,091 - INFO - Completed batch 3 of 11
2025-02-02 20:05:14,091 - INFO - Crawling: https://help.mikrotik.com/docs/spaces/ROS/pages/328155/Configuration+Management ,
2025-02-02 20:05:14,091 - INFO - Crawling: https://help.mikrotik.com/docs/spaces/ROS/pages/167706788/Default+configurations ,
2025-02-02 20:05:14,118 - INFO - Saved: C:\Users\Vivek\Documents\MikroTik_dis\Scraped_Data\mikrotik_docs\Configuration_Management ,.md
2025-02-02 20:05:14,140 - INFO - Saved: C:\Users\Vivek\Documents\MikroTik_dis\Scraped_Data\mikrotik_docs\Default_configurations ,.md
2025-02-02 20:05:16,145 - INFO - Completed batch 4 of 11
2025-02-02 20:05:16,145 - INFO - Crawling: https://help.mikrotik.com/docs/spaces/ROS/pages/8978498/Console ,
2025-02-02 20:05:16,145 - INFO - Crawling: https://help.mikrotik.com/docs/spaces/ROS/pages/24805498/Reset+Button ,
2025-02-02 20:05:16,172 - INFO - Saved: C:\Users\Vivek\Documents\MikroTik_dis\Scraped_Data\mikrotik_docs\Console ,.md
2025-02-02 20:05:16,191 - INFO - Saved: C:\Users\Vivek\Documents\MikroTik_dis\Scraped_Data\mikrotik_docs\Reset_Button ,.md
2025-02-02 20:05:18,197 - INFO - Completed batch 5 of 11
2025-02-02 20:05:18,197 - INFO - Crawling: https://help.mikrotik.com/docs/spaces/ROS/pages/40992852/Backup ,
2025-02-02 20:05:18,197 - INFO - Crawling: https://help.mikrotik.com/docs/spaces/ROS/pages/24805390/Netinstall ,
2025-02-02 20:05:18,216 - INFO - Saved: C:\Users\Vivek\Documents\MikroTik_dis\Scraped_Data\mikrotik_docs\Backup ,.md
2025-02-02 20:05:18,241 - INFO - Saved: C:\Users\Vivek\Documents\MikroTik_dis\Scraped_Data\mikrotik_docs\Netinstall ,.md
2025-02-02 20:05:20,243 - INFO - Completed batch 6 of 11
2025-02-02 20:05:20,243 - INFO - Crawling: https://help.mikrotik.com/docs/spaces/ROS/pages/328106/Supout.rif ,
2025-02-02 20:05:20,243 - INFO - Crawling: https://help.mikrotik.com/docs/spaces/ROS/pages/328149/RouterOS+license+keys ,
2025-02-02 20:05:20,261 - INFO - Saved: C:\Users\Vivek\Documents\MikroTik_dis\Scraped_Data\mikrotik_docs\Supout.md
2025-02-02 20:05:20,290 - INFO - Saved: C:\Users\Vivek\Documents\MikroTik_dis\Scraped_Data\mikrotik_docs\RouterOS_license_keys ,.md
2025-02-02 20:05:22,297 - INFO - Completed batch 7 of 11
2025-02-02 20:05:22,297 - INFO - Crawling: https://help.mikrotik.com/docs/spaces/ROS/pages/18350234/Cloud+Hosted+Router+CHR ,
2025-02-02 20:05:22,297 - INFO - Crawling: https://help.mikrotik.com/docs/spaces/ROS/pages/262864931/CHR+installing+on+VirtualBox ,
2025-02-02 20:05:22,336 - INFO - Saved: C:\Users\Vivek\Documents\MikroTik_dis\Scraped_Data\mikrotik_docs\Cloud_Hosted_Router_CHR ,.md
2025-02-02 20:05:22,353 - INFO - Saved: C:\Users\Vivek\Documents\MikroTik_dis\Scraped_Data\mikrotik_docs\CHR_installing_on_VirtualBox ,.md
2025-02-02 20:05:24,368 - INFO - Completed batch 8 of 11
2025-02-02 20:05:24,368 - INFO - Crawling: https://help.mikrotik.com/docs/spaces/ROS/pages/263749814/CHR+Hetzner+Cloud+Installation ,
2025-02-02 20:05:24,368 - INFO - Crawling: https://help.mikrotik.com/docs/spaces/ROS/pages/48660553/CHR+ProxMox+installation ,
2025-02-02 20:05:24,386 - INFO - Saved: C:\Users\Vivek\Documents\MikroTik_dis\Scraped_Data\mikrotik_docs\CHR_Hetzner_Cloud_Installation ,.md
2025-02-02 20:05:24,401 - INFO - Saved: C:\Users\Vivek\Documents\MikroTik_dis\Scraped_Data\mikrotik_docs\CHR_ProxMox_installation ,.md
2025-02-02 20:05:26,414 - INFO - Completed batch 9 of 11
2025-02-02 20:05:26,414 - INFO - Crawling: https://help.mikrotik.com/docs/spaces/ROS/pages/146997259/CHR+Vultr+installation ,
2025-02-02 20:05:26,414 - INFO - Crawling: https://help.mikrotik.com/docs/spaces/ROS/pages/115736772/Upgrading+to+v7 ,
2025-02-02 20:05:26,436 - INFO - Saved: C:\Users\Vivek\Documents\MikroTik_dis\Scraped_Data\mikrotik_docs\CHR_Vultr_installation ,.md
2025-02-02 20:05:26,454 - INFO - Saved: C:\Users\Vivek\Documents\MikroTik_dis\Scraped_Data\mikrotik_docs\Upgrading_to_v7 ,.md
2025-02-02 20:05:28,458 - INFO - Completed batch 10 of 11
2025-02-02 20:05:28,458 - INFO - Crawling: https://help.mikrotik.com/docs/spaces/ROS/pages/136839241/RouterBOOT
2025-02-02 20:05:28,478 - INFO - Saved: C:\Users\Vivek\Documents\MikroTik_dis\Scraped_Data\mikrotik_docs\RouterBOOT.md
2025-02-02 20:05:30,480 - INFO - Completed batch 11 of 11
2025-02-02 20:11:31,245 - INFO - Loaded 21 URLs from C:\Users\Vivek\Documents\MikroTik_dis\urls.txt
2025-02-02 20:11:31,729 - INFO - Crawling: https://help.mikrotik.com/docs/spaces/ROS/pages/19136707/Software+Specifications,
2025-02-02 20:11:31,731 - INFO - Crawling: https://help.mikrotik.com/docs/spaces/ROS/pages/146440194/Feature+support+based+on+architecture,
2025-02-02 20:11:31,876 - INFO - Saved: C:\Users\Vivek\Documents\MikroTik_dis\Scraped_Data\mikrotik_docs\Software_Specifications,.md
2025-02-02 20:11:31,925 - INFO - Saved: C:\Users\Vivek\Documents\MikroTik_dis\Scraped_Data\mikrotik_docs\Feature_support_based_on_architecture,.md
2025-02-02 20:11:33,938 - INFO - Completed batch 1 of 11
2025-02-02 20:11:33,938 - INFO - Crawling: https://help.mikrotik.com/docs/spaces/ROS/pages/328151/First+Time+Configuration ,
2025-02-02 20:11:33,938 - INFO - Crawling: https://help.mikrotik.com/docs/spaces/ROS/pages/328353/Securing+your+router ,
2025-02-02 20:11:34,113 - INFO - Saved: C:\Users\Vivek\Documents\MikroTik_dis\Scraped_Data\mikrotik_docs\First_Time_Configuration ,.md
2025-02-02 20:11:34,172 - INFO - Saved: C:\Users\Vivek\Documents\MikroTik_dis\Scraped_Data\mikrotik_docs\Securing_your_router ,.md
2025-02-02 20:11:36,183 - INFO - Completed batch 2 of 11
2025-02-02 20:11:36,183 - INFO - Crawling: https://help.mikrotik.com/docs/spaces/ROS/pages/328142/Upgrading+and+installation ,
2025-02-02 20:11:36,183 - INFO - Crawling: https://help.mikrotik.com/docs/spaces/ROS/pages/40992872/Packages ,
2025-02-02 20:11:36,271 - INFO - Saved: C:\Users\Vivek\Documents\MikroTik_dis\Scraped_Data\mikrotik_docs\Upgrading_and_installation ,.md
2025-02-02 20:11:36,361 - INFO - Saved: C:\Users\Vivek\Documents\MikroTik_dis\Scraped_Data\mikrotik_docs\Packages ,.md
2025-02-02 20:11:38,368 - INFO - Completed batch 3 of 11
2025-02-02 20:11:38,368 - INFO - Crawling: https://help.mikrotik.com/docs/spaces/ROS/pages/328155/Configuration+Management ,
2025-02-02 20:11:38,368 - INFO - Crawling: https://help.mikrotik.com/docs/spaces/ROS/pages/167706788/Default+configurations ,
2025-02-02 20:11:38,478 - INFO - Saved: C:\Users\Vivek\Documents\MikroTik_dis\Scraped_Data\mikrotik_docs\Configuration_Management ,.md
2025-02-02 20:11:38,564 - INFO - Saved: C:\Users\Vivek\Documents\MikroTik_dis\Scraped_Data\mikrotik_docs\Default_configurations ,.md
2025-02-02 20:11:40,579 - INFO - Completed batch 4 of 11
2025-02-02 20:11:40,579 - INFO - Crawling: https://help.mikrotik.com/docs/spaces/ROS/pages/8978498/Console ,
2025-02-02 20:11:40,579 - INFO - Crawling: https://help.mikrotik.com/docs/spaces/ROS/pages/24805498/Reset+Button ,
2025-02-02 20:11:40,690 - INFO - Saved: C:\Users\Vivek\Documents\MikroTik_dis\Scraped_Data\mikrotik_docs\Console ,.md
2025-02-02 20:11:40,746 - INFO - Saved: C:\Users\Vivek\Documents\MikroTik_dis\Scraped_Data\mikrotik_docs\Reset_Button ,.md
2025-02-02 20:11:42,755 - INFO - Completed batch 5 of 11
2025-02-02 20:11:42,755 - INFO - Crawling: https://help.mikrotik.com/docs/spaces/ROS/pages/40992852/Backup ,
2025-02-02 20:11:42,755 - INFO - Crawling: https://help.mikrotik.com/docs/spaces/ROS/pages/24805390/Netinstall ,
2025-02-02 20:11:42,837 - INFO - Saved: C:\Users\Vivek\Documents\MikroTik_dis\Scraped_Data\mikrotik_docs\Backup ,.md
2025-02-02 20:11:42,940 - INFO - Saved: C:\Users\Vivek\Documents\MikroTik_dis\Scraped_Data\mikrotik_docs\Netinstall ,.md
2025-02-02 20:11:44,954 - INFO - Completed batch 6 of 11
2025-02-02 20:11:44,954 - INFO - Crawling: https://help.mikrotik.com/docs/spaces/ROS/pages/328106/Supout.rif ,
2025-02-02 20:11:44,955 - INFO - Crawling: https://help.mikrotik.com/docs/spaces/ROS/pages/328149/RouterOS+license+keys ,
2025-02-02 20:11:45,003 - INFO - Saved: C:\Users\Vivek\Documents\MikroTik_dis\Scraped_Data\mikrotik_docs\Supout.md
2025-02-02 20:11:45,138 - INFO - Saved: C:\Users\Vivek\Documents\MikroTik_dis\Scraped_Data\mikrotik_docs\RouterOS_license_keys ,.md
2025-02-02 20:11:47,146 - INFO - Completed batch 7 of 11
2025-02-02 20:11:47,146 - INFO - Crawling: https://help.mikrotik.com/docs/spaces/ROS/pages/18350234/Cloud+Hosted+Router+CHR ,
2025-02-02 20:11:47,146 - INFO - Crawling: https://help.mikrotik.com/docs/spaces/ROS/pages/262864931/CHR+installing+on+VirtualBox ,
2025-02-02 20:11:47,305 - INFO - Saved: C:\Users\Vivek\Documents\MikroTik_dis\Scraped_Data\mikrotik_docs\Cloud_Hosted_Router_CHR ,.md
2025-02-02 20:11:47,364 - INFO - Saved: C:\Users\Vivek\Documents\MikroTik_dis\Scraped_Data\mikrotik_docs\CHR_installing_on_VirtualBox ,.md
2025-02-02 20:11:49,372 - INFO - Completed batch 8 of 11
2025-02-02 20:11:49,372 - INFO - Crawling: https://help.mikrotik.com/docs/spaces/ROS/pages/263749814/CHR+Hetzner+Cloud+Installation ,
2025-02-02 20:11:49,372 - INFO - Crawling: https://help.mikrotik.com/docs/spaces/ROS/pages/48660553/CHR+ProxMox+installation ,
2025-02-02 20:11:49,420 - INFO - Saved: C:\Users\Vivek\Documents\MikroTik_dis\Scraped_Data\mikrotik_docs\CHR_Hetzner_Cloud_Installation ,.md
2025-02-02 20:11:49,467 - INFO - Saved: C:\Users\Vivek\Documents\MikroTik_dis\Scraped_Data\mikrotik_docs\CHR_ProxMox_installation ,.md
2025-02-02 20:11:51,477 - INFO - Completed batch 9 of 11
2025-02-02 20:11:51,477 - INFO - Crawling: https://help.mikrotik.com/docs/spaces/ROS/pages/146997259/CHR+Vultr+installation ,
2025-02-02 20:11:51,477 - INFO - Crawling: https://help.mikrotik.com/docs/spaces/ROS/pages/115736772/Upgrading+to+v7 ,
2025-02-02 20:11:51,540 - INFO - Saved: C:\Users\Vivek\Documents\MikroTik_dis\Scraped_Data\mikrotik_docs\CHR_Vultr_installation ,.md
2025-02-02 20:11:51,612 - INFO - Saved: C:\Users\Vivek\Documents\MikroTik_dis\Scraped_Data\mikrotik_docs\Upgrading_to_v7 ,.md
2025-02-02 20:11:53,627 - INFO - Completed batch 10 of 11
2025-02-02 20:11:53,627 - INFO - Crawling: https://help.mikrotik.com/docs/spaces/ROS/pages/136839241/RouterBOOT
2025-02-02 20:11:53,710 - INFO - Saved: C:\Users\Vivek\Documents\MikroTik_dis\Scraped_Data\mikrotik_docs\RouterBOOT.md
2025-02-02 20:11:55,714 - INFO - Completed batch 11 of 11
2025-02-02 20:14:31,100 - INFO - Loaded 21 URLs from C:\Users\Vivek\Documents\MikroTik_dis\urls.txt
2025-02-02 20:14:31,652 - INFO - Crawling: https://help.mikrotik.com/docs/spaces/ROS/pages/19136707/Software+Specifications,
2025-02-02 20:14:31,655 - INFO - Crawling: https://help.mikrotik.com/docs/spaces/ROS/pages/146440194/Feature+support+based+on+architecture,
2025-02-02 20:14:31,803 - INFO - Saved: C:\Users\Vivek\Documents\MikroTik_dis\Scraped_Data\mikrotik_docs\Software_Specifications,.md
2025-02-02 20:14:31,855 - INFO - Saved: C:\Users\Vivek\Documents\MikroTik_dis\Scraped_Data\mikrotik_docs\Feature_support_based_on_architecture,.md
2025-02-02 20:14:33,867 - INFO - Completed batch 1 of 11
2025-02-02 20:14:33,867 - INFO - Crawling: https://help.mikrotik.com/docs/spaces/ROS/pages/328151/First+Time+Configuration ,
2025-02-02 20:14:33,867 - INFO - Crawling: https://help.mikrotik.com/docs/spaces/ROS/pages/328353/Securing+your+router ,
2025-02-02 20:14:34,029 - INFO - Saved: C:\Users\Vivek\Documents\MikroTik_dis\Scraped_Data\mikrotik_docs\First_Time_Configuration ,.md
2025-02-02 20:14:34,090 - INFO - Saved: C:\Users\Vivek\Documents\MikroTik_dis\Scraped_Data\mikrotik_docs\Securing_your_router ,.md
2025-02-02 20:14:36,098 - INFO - Completed batch 2 of 11
2025-02-02 20:14:36,098 - INFO - Crawling: https://help.mikrotik.com/docs/spaces/ROS/pages/328142/Upgrading+and+installation ,
2025-02-02 20:14:36,098 - INFO - Crawling: https://help.mikrotik.com/docs/spaces/ROS/pages/40992872/Packages ,
2025-02-02 20:14:36,180 - INFO - Saved: C:\Users\Vivek\Documents\MikroTik_dis\Scraped_Data\mikrotik_docs\Upgrading_and_installation ,.md
2025-02-02 20:14:36,261 - INFO - Saved: C:\Users\Vivek\Documents\MikroTik_dis\Scraped_Data\mikrotik_docs\Packages ,.md
2025-02-02 20:14:38,264 - INFO - Completed batch 3 of 11
2025-02-02 20:14:38,264 - INFO - Crawling: https://help.mikrotik.com/docs/spaces/ROS/pages/328155/Configuration+Management ,
2025-02-02 20:14:38,265 - INFO - Crawling: https://help.mikrotik.com/docs/spaces/ROS/pages/167706788/Default+configurations ,
2025-02-02 20:14:38,363 - INFO - Saved: C:\Users\Vivek\Documents\MikroTik_dis\Scraped_Data\mikrotik_docs\Configuration_Management ,.md
2025-02-02 20:14:38,435 - INFO - Saved: C:\Users\Vivek\Documents\MikroTik_dis\Scraped_Data\mikrotik_docs\Default_configurations ,.md
2025-02-02 20:14:40,448 - INFO - Completed batch 4 of 11
2025-02-02 20:14:40,448 - INFO - Crawling: https://help.mikrotik.com/docs/spaces/ROS/pages/8978498/Console ,
2025-02-02 20:14:40,448 - INFO - Crawling: https://help.mikrotik.com/docs/spaces/ROS/pages/24805498/Reset+Button ,
2025-02-02 20:14:40,565 - INFO - Saved: C:\Users\Vivek\Documents\MikroTik_dis\Scraped_Data\mikrotik_docs\Console ,.md
2025-02-02 20:14:40,624 - INFO - Saved: C:\Users\Vivek\Documents\MikroTik_dis\Scraped_Data\mikrotik_docs\Reset_Button ,.md
2025-02-02 20:14:42,635 - INFO - Completed batch 5 of 11
2025-02-02 20:14:42,635 - INFO - Crawling: https://help.mikrotik.com/docs/spaces/ROS/pages/40992852/Backup ,
2025-02-02 20:14:42,636 - INFO - Crawling: https://help.mikrotik.com/docs/spaces/ROS/pages/24805390/Netinstall ,
2025-02-02 20:14:42,732 - INFO - Saved: C:\Users\Vivek\Documents\MikroTik_dis\Scraped_Data\mikrotik_docs\Backup ,.md
2025-02-02 20:14:42,823 - INFO - Saved: C:\Users\Vivek\Documents\MikroTik_dis\Scraped_Data\mikrotik_docs\Netinstall ,.md
2025-02-02 20:14:44,827 - INFO - Completed batch 6 of 11
2025-02-02 20:14:44,827 - INFO - Crawling: https://help.mikrotik.com/docs/spaces/ROS/pages/328106/Supout.rif ,
2025-02-02 20:14:44,827 - INFO - Crawling: https://help.mikrotik.com/docs/spaces/ROS/pages/328149/RouterOS+license+keys ,
2025-02-02 20:14:44,877 - INFO - Saved: C:\Users\Vivek\Documents\MikroTik_dis\Scraped_Data\mikrotik_docs\Supout.md
2025-02-02 20:14:44,993 - INFO - Saved: C:\Users\Vivek\Documents\MikroTik_dis\Scraped_Data\mikrotik_docs\RouterOS_license_keys ,.md
2025-02-02 20:14:47,005 - INFO - Completed batch 7 of 11
2025-02-02 20:14:47,005 - INFO - Crawling: https://help.mikrotik.com/docs/spaces/ROS/pages/18350234/Cloud+Hosted+Router+CHR ,
2025-02-02 20:14:47,005 - INFO - Crawling: https://help.mikrotik.com/docs/spaces/ROS/pages/262864931/CHR+installing+on+VirtualBox ,
2025-02-02 20:14:47,157 - INFO - Saved: C:\Users\Vivek\Documents\MikroTik_dis\Scraped_Data\mikrotik_docs\Cloud_Hosted_Router_CHR ,.md
2025-02-02 20:14:47,217 - INFO - Saved: C:\Users\Vivek\Documents\MikroTik_dis\Scraped_Data\mikrotik_docs\CHR_installing_on_VirtualBox ,.md
2025-02-02 20:14:49,229 - INFO - Completed batch 8 of 11
2025-02-02 20:14:49,229 - INFO - Crawling: https://help.mikrotik.com/docs/spaces/ROS/pages/263749814/CHR+Hetzner+Cloud+Installation ,
2025-02-02 20:14:49,229 - INFO - Crawling: https://help.mikrotik.com/docs/spaces/ROS/pages/48660553/CHR+ProxMox+installation ,
2025-02-02 20:14:49,279 - INFO - Saved: C:\Users\Vivek\Documents\MikroTik_dis\Scraped_Data\mikrotik_docs\CHR_Hetzner_Cloud_Installation ,.md
2025-02-02 20:14:49,376 - INFO - Saved: C:\Users\Vivek\Documents\MikroTik_dis\Scraped_Data\mikrotik_docs\CHR_ProxMox_installation ,.md
2025-02-02 20:14:51,379 - INFO - Completed batch 9 of 11
2025-02-02 20:14:51,379 - INFO - Crawling: https://help.mikrotik.com/docs/spaces/ROS/pages/146997259/CHR+Vultr+installation ,
2025-02-02 20:14:51,380 - INFO - Crawling: https://help.mikrotik.com/docs/spaces/ROS/pages/115736772/Upgrading+to+v7 ,
2025-02-02 20:14:51,444 - INFO - Saved: C:\Users\Vivek\Documents\MikroTik_dis\Scraped_Data\mikrotik_docs\CHR_Vultr_installation ,.md
2025-02-02 20:14:51,511 - INFO - Saved: C:\Users\Vivek\Documents\MikroTik_dis\Scraped_Data\mikrotik_docs\Upgrading_to_v7 ,.md
2025-02-02 20:14:53,515 - INFO - Completed batch 10 of 11
2025-02-02 20:14:53,515 - INFO - Crawling: https://help.mikrotik.com/docs/spaces/ROS/pages/136839241/RouterBOOT
2025-02-02 20:14:53,583 - INFO - Saved: C:\Users\Vivek\Documents\MikroTik_dis\Scraped_Data\mikrotik_docs\RouterBOOT.md
2025-02-02 20:14:55,597 - INFO - Completed batch 11 of 11
2025-02-02 20:25:04,469 - INFO - Loaded 21 URLs from C:\Users\Vivek\Documents\MikroTik_dis\urls.txt
2025-02-02 20:25:04,954 - INFO - Crawling: https://help.mikrotik.com/docs/spaces/ROS/pages/19136707/Software+Specifications,
2025-02-02 20:25:04,956 - INFO - Crawling: https://help.mikrotik.com/docs/spaces/ROS/pages/146440194/Feature+support+based+on+architecture,
2025-02-02 20:25:04,970 - INFO - Successfully fetched https://help.mikrotik.com/docs/spaces/ROS/pages/19136707/Software+Specifications,
2025-02-02 20:25:04,970 - INFO - Content length: 116192
2025-02-02 20:25:05,080 - INFO - Saved: C:\Users\Vivek\Documents\MikroTik_dis\Scraped_Data\mikrotik_docs\Software_Specifications,.md with content length 7383
2025-02-02 20:25:05,082 - INFO - Successfully fetched https://help.mikrotik.com/docs/spaces/ROS/pages/146440194/Feature+support+based+on+architecture,
2025-02-02 20:25:05,082 - INFO - Content length: 94150
2025-02-02 20:25:05,107 - INFO - Saved: C:\Users\Vivek\Documents\MikroTik_dis\Scraped_Data\mikrotik_docs\Feature_support_based_on_architecture,.md with content length 1118
2025-02-02 20:25:07,113 - INFO - Completed batch 1 of 11
2025-02-02 20:25:07,113 - INFO - Crawling: https://help.mikrotik.com/docs/spaces/ROS/pages/328151/First+Time+Configuration ,
2025-02-02 20:25:07,113 - INFO - Crawling: https://help.mikrotik.com/docs/spaces/ROS/pages/328353/Securing+your+router ,
2025-02-02 20:25:07,119 - INFO - Successfully fetched https://help.mikrotik.com/docs/spaces/ROS/pages/328151/First+Time+Configuration ,
2025-02-02 20:25:07,119 - INFO - Content length: 163828
2025-02-02 20:25:07,282 - INFO - Saved: C:\Users\Vivek\Documents\MikroTik_dis\Scraped_Data\mikrotik_docs\First_Time_Configuration ,.md with content length 21575
2025-02-02 20:25:07,285 - INFO - Successfully fetched https://help.mikrotik.com/docs/spaces/ROS/pages/328353/Securing+your+router ,
2025-02-02 20:25:07,285 - INFO - Content length: 105463
2025-02-02 20:25:07,323 - INFO - Saved: C:\Users\Vivek\Documents\MikroTik_dis\Scraped_Data\mikrotik_docs\Securing_your_router ,.md with content length 3742
2025-02-02 20:25:09,334 - INFO - Completed batch 2 of 11
2025-02-02 20:25:09,334 - INFO - Crawling: https://help.mikrotik.com/docs/spaces/ROS/pages/328142/Upgrading+and+installation ,
2025-02-02 20:25:09,334 - INFO - Crawling: https://help.mikrotik.com/docs/spaces/ROS/pages/40992872/Packages ,
2025-02-02 20:25:09,340 - INFO - Successfully fetched https://help.mikrotik.com/docs/spaces/ROS/pages/328142/Upgrading+and+installation ,
2025-02-02 20:25:09,341 - INFO - Content length: 128673
2025-02-02 20:25:09,405 - INFO - Saved: C:\Users\Vivek\Documents\MikroTik_dis\Scraped_Data\mikrotik_docs\Upgrading_and_installation ,.md with content length 11797
2025-02-02 20:25:09,407 - INFO - Successfully fetched https://help.mikrotik.com/docs/spaces/ROS/pages/40992872/Packages ,
2025-02-02 20:25:09,407 - INFO - Content length: 110505
2025-02-02 20:25:09,476 - INFO - Saved: C:\Users\Vivek\Documents\MikroTik_dis\Scraped_Data\mikrotik_docs\Packages ,.md with content length 7487
2025-02-02 20:25:11,489 - INFO - Completed batch 3 of 11
2025-02-02 20:25:11,489 - INFO - Crawling: https://help.mikrotik.com/docs/spaces/ROS/pages/328155/Configuration+Management ,
2025-02-02 20:25:11,489 - INFO - Crawling: https://help.mikrotik.com/docs/spaces/ROS/pages/167706788/Default+configurations ,
2025-02-02 20:25:11,495 - INFO - Successfully fetched https://help.mikrotik.com/docs/spaces/ROS/pages/328155/Configuration+Management ,
2025-02-02 20:25:11,495 - INFO - Content length: 131127
2025-02-02 20:25:11,585 - INFO - Saved: C:\Users\Vivek\Documents\MikroTik_dis\Scraped_Data\mikrotik_docs\Configuration_Management ,.md with content length 15469
2025-02-02 20:25:11,588 - INFO - Successfully fetched https://help.mikrotik.com/docs/spaces/ROS/pages/167706788/Default+configurations ,
2025-02-02 20:25:11,588 - INFO - Content length: 116972
2025-02-02 20:25:11,640 - INFO - Saved: C:\Users\Vivek\Documents\MikroTik_dis\Scraped_Data\mikrotik_docs\Default_configurations ,.md with content length 4371
2025-02-02 20:25:13,646 - INFO - Completed batch 4 of 11
2025-02-02 20:25:13,646 - INFO - Crawling: https://help.mikrotik.com/docs/spaces/ROS/pages/8978498/Console ,
2025-02-02 20:25:13,646 - INFO - Crawling: https://help.mikrotik.com/docs/spaces/ROS/pages/24805498/Reset+Button ,
2025-02-02 20:25:13,652 - INFO - Successfully fetched https://help.mikrotik.com/docs/spaces/ROS/pages/8978498/Console ,
2025-02-02 20:25:13,652 - INFO - Content length: 129939
2025-02-02 20:25:13,745 - INFO - Saved: C:\Users\Vivek\Documents\MikroTik_dis\Scraped_Data\mikrotik_docs\Console ,.md with content length 20660
2025-02-02 20:25:13,747 - INFO - Successfully fetched https://help.mikrotik.com/docs/spaces/ROS/pages/24805498/Reset+Button ,
2025-02-02 20:25:13,748 - INFO - Content length: 102087
2025-02-02 20:25:13,778 - INFO - Saved: C:\Users\Vivek\Documents\MikroTik_dis\Scraped_Data\mikrotik_docs\Reset_Button ,.md with content length 3022
2025-02-02 20:25:15,778 - INFO - Completed batch 5 of 11
2025-02-02 20:25:15,778 - INFO - Crawling: https://help.mikrotik.com/docs/spaces/ROS/pages/40992852/Backup ,
2025-02-02 20:25:15,778 - INFO - Crawling: https://help.mikrotik.com/docs/spaces/ROS/pages/24805390/Netinstall ,
2025-02-02 20:25:15,783 - INFO - Successfully fetched https://help.mikrotik.com/docs/spaces/ROS/pages/40992852/Backup ,
2025-02-02 20:25:15,783 - INFO - Content length: 99239
2025-02-02 20:25:15,818 - INFO - Saved: C:\Users\Vivek\Documents\MikroTik_dis\Scraped_Data\mikrotik_docs\Backup ,.md with content length 2335
2025-02-02 20:25:15,821 - INFO - Successfully fetched https://help.mikrotik.com/docs/spaces/ROS/pages/24805390/Netinstall ,
2025-02-02 20:25:15,821 - INFO - Content length: 139415
2025-02-02 20:25:15,901 - INFO - Saved: C:\Users\Vivek\Documents\MikroTik_dis\Scraped_Data\mikrotik_docs\Netinstall ,.md with content length 12088
2025-02-02 20:25:17,905 - INFO - Completed batch 6 of 11
2025-02-02 20:25:17,905 - INFO - Crawling: https://help.mikrotik.com/docs/spaces/ROS/pages/328106/Supout.rif ,
2025-02-02 20:25:17,905 - INFO - Crawling: https://help.mikrotik.com/docs/spaces/ROS/pages/328149/RouterOS+license+keys ,
2025-02-02 20:25:17,922 - INFO - Successfully fetched https://help.mikrotik.com/docs/spaces/ROS/pages/328106/Supout.rif ,
2025-02-02 20:25:17,922 - INFO - Content length: 96954
2025-02-02 20:25:17,943 - INFO - Saved: C:\Users\Vivek\Documents\MikroTik_dis\Scraped_Data\mikrotik_docs\Supout.md with content length 1526
2025-02-02 20:25:17,946 - INFO - Successfully fetched https://help.mikrotik.com/docs/spaces/ROS/pages/328149/RouterOS+license+keys ,
2025-02-02 20:25:17,946 - INFO - Content length: 147075
2025-02-02 20:25:18,065 - INFO - Saved: C:\Users\Vivek\Documents\MikroTik_dis\Scraped_Data\mikrotik_docs\RouterOS_license_keys ,.md with content length 20901
2025-02-02 20:25:20,073 - INFO - Completed batch 7 of 11
2025-02-02 20:25:20,073 - INFO - Crawling: https://help.mikrotik.com/docs/spaces/ROS/pages/18350234/Cloud+Hosted+Router+CHR ,
2025-02-02 20:25:20,073 - INFO - Crawling: https://help.mikrotik.com/docs/spaces/ROS/pages/262864931/CHR+installing+on+VirtualBox ,
2025-02-02 20:25:20,079 - INFO - Successfully fetched https://help.mikrotik.com/docs/spaces/ROS/pages/18350234/Cloud+Hosted+Router+CHR ,
2025-02-02 20:25:20,080 - INFO - Content length: 174330
2025-02-02 20:25:20,269 - INFO - Saved: C:\Users\Vivek\Documents\MikroTik_dis\Scraped_Data\mikrotik_docs\Cloud_Hosted_Router_CHR ,.md with content length 28973
2025-02-02 20:25:20,272 - INFO - Successfully fetched https://help.mikrotik.com/docs/spaces/ROS/pages/262864931/CHR+installing+on+VirtualBox ,
2025-02-02 20:25:20,272 - INFO - Content length: 105639
2025-02-02 20:25:20,310 - INFO - Saved: C:\Users\Vivek\Documents\MikroTik_dis\Scraped_Data\mikrotik_docs\CHR_installing_on_VirtualBox ,.md with content length 3009
2025-02-02 20:25:22,322 - INFO - Completed batch 8 of 11
2025-02-02 20:25:22,322 - INFO - Crawling: https://help.mikrotik.com/docs/spaces/ROS/pages/263749814/CHR+Hetzner+Cloud+Installation ,
2025-02-02 20:25:22,322 - INFO - Crawling: https://help.mikrotik.com/docs/spaces/ROS/pages/48660553/CHR+ProxMox+installation ,
2025-02-02 20:25:22,326 - INFO - Successfully fetched https://help.mikrotik.com/docs/spaces/ROS/pages/263749814/CHR+Hetzner+Cloud+Installation ,
2025-02-02 20:25:22,327 - INFO - Content length: 94304
2025-02-02 20:25:22,344 - INFO - Saved: C:\Users\Vivek\Documents\MikroTik_dis\Scraped_Data\mikrotik_docs\CHR_Hetzner_Cloud_Installation ,.md with content length 2308
2025-02-02 20:25:22,346 - INFO - Successfully fetched https://help.mikrotik.com/docs/spaces/ROS/pages/48660553/CHR+ProxMox+installation ,
2025-02-02 20:25:22,346 - INFO - Content length: 96215
2025-02-02 20:25:22,400 - INFO - Saved: C:\Users\Vivek\Documents\MikroTik_dis\Scraped_Data\mikrotik_docs\CHR_ProxMox_installation ,.md with content length 4000
2025-02-02 20:25:24,405 - INFO - Completed batch 9 of 11
2025-02-02 20:25:24,405 - INFO - Crawling: https://help.mikrotik.com/docs/spaces/ROS/pages/146997259/CHR+Vultr+installation ,
2025-02-02 20:25:24,405 - INFO - Crawling: https://help.mikrotik.com/docs/spaces/ROS/pages/115736772/Upgrading+to+v7 ,
2025-02-02 20:25:24,411 - INFO - Successfully fetched https://help.mikrotik.com/docs/spaces/ROS/pages/146997259/CHR+Vultr+installation ,
2025-02-02 20:25:24,411 - INFO - Content length: 102559
2025-02-02 20:25:24,446 - INFO - Saved: C:\Users\Vivek\Documents\MikroTik_dis\Scraped_Data\mikrotik_docs\CHR_Vultr_installation ,.md with content length 3040
2025-02-02 20:25:24,448 - INFO - Successfully fetched https://help.mikrotik.com/docs/spaces/ROS/pages/115736772/Upgrading+to+v7 ,
2025-02-02 20:25:24,449 - INFO - Content length: 107906
2025-02-02 20:25:24,498 - INFO - Saved: C:\Users\Vivek\Documents\MikroTik_dis\Scraped_Data\mikrotik_docs\Upgrading_to_v7 ,.md with content length 6567
2025-02-02 20:25:26,512 - INFO - Completed batch 10 of 11
2025-02-02 20:25:26,512 - INFO - Crawling: https://help.mikrotik.com/docs/spaces/ROS/pages/136839241/RouterBOOT
2025-02-02 20:25:26,517 - INFO - Successfully fetched https://help.mikrotik.com/docs/spaces/ROS/pages/136839241/RouterBOOT
2025-02-02 20:25:26,517 - INFO - Content length: 107458
2025-02-02 20:25:26,564 - INFO - Saved: C:\Users\Vivek\Documents\MikroTik_dis\Scraped_Data\mikrotik_docs\RouterBOOT.md with content length 7729
2025-02-02 20:25:28,574 - INFO - Completed batch 11 of 11
