2025-02-04 16:45:00,047 - INFO - 
Analyzing GitHub repositories...
2025-02-04 16:45:00,049 - INFO - Analyzing repo: -mikrotik
2025-02-04 16:45:00,056 - INFO - Analyzing repo: 0day-mikrotik
2025-02-04 16:45:00,063 - INFO - Analyzing repo: Add-IPs-to-Mikrotik-RouterOS-Firewall-Address-List
2025-02-04 16:45:00,073 - INFO - Analyzing repo: addIPtoMikrotikFirewall
2025-02-04 16:45:00,146 - INFO - Analyzing repo: all-in-one-mikrotik
2025-02-04 16:45:00,193 - INFO - Analyzing repo: ansible-mikrotik
2025-02-04 16:45:00,208 - INFO - Analyzing repo: ansible-mikrotik-auto-upgrade
2025-02-04 16:45:00,216 - INFO - Analyzing repo: ansible-mikrotik-bachelor
2025-02-04 16:45:00,231 - INFO - Analyzing repo: ansible-mikrotik-backup
2025-02-04 16:45:00,238 - INFO - Analyzing repo: ansible-mikrotik-utils
2025-02-04 16:45:00,249 - INFO - Analyzing repo: ansible-ovpn-mikrotik
2025-02-04 16:45:00,264 - INFO - Analyzing repo: ansible-role-mikrotik-hostname
2025-02-04 16:45:00,272 - INFO - Analyzing repo: anti-ddos-mikrotik
2025-02-04 16:45:00,279 - INFO - Analyzing repo: api-mikrotik
2025-02-04 16:45:00,289 - INFO - Analyzing repo: api-mikrotik-vpnl2tp
2025-02-04 16:45:00,297 - INFO - Analyzing repo: ApiMikrotik
2025-02-04 16:45:00,308 - INFO - Analyzing repo: App-Mikrotik-API
2025-02-04 16:45:00,331 - INFO - Analyzing repo: auto-blocklist-mikrotik
2025-02-04 16:45:00,338 - INFO - Analyzing repo: auto-email-mikrotik-backup
2025-02-04 16:45:00,345 - INFO - Analyzing repo: autologin-captive-portal-mikrotik
2025-02-04 16:45:00,353 - INFO - Analyzing repo: AutoLogin-Mikrotik_Hotspot
2025-02-04 16:45:00,360 - INFO - Analyzing repo: AWS-mikrotik-SitetoSIte
2025-02-04 16:45:00,367 - INFO - Analyzing repo: aws-mikrotik-vpn
2025-02-04 16:45:00,374 - INFO - Analyzing repo: AWS-VPC-Site2Site-VPC-with-Mikrotik
2025-02-04 16:45:00,382 - INFO - Analyzing repo: aws-vpn-mikrotik
2025-02-04 16:45:00,392 - INFO - Analyzing repo: azure-point-to-site-openvpn-mikrotik
2025-02-04 16:45:00,401 - INFO - Analyzing repo: bastianos-mikrotik-hotspot-template
2025-02-04 16:45:00,411 - INFO - Analyzing repo: bgp_mikrotik_snmp_script
2025-02-04 16:45:00,419 - INFO - Analyzing repo: blocklist_mikrotik
2025-02-04 16:45:00,429 - INFO - Analyzing repo: Brute-force-Mikrotik
2025-02-04 16:45:00,446 - INFO - Analyzing repo: cacti-mikrotik-device
2025-02-04 16:45:00,456 - INFO - Analyzing repo: CaptivePortal-HotspotMikrotik
2025-02-04 16:45:00,592 - INFO - Analyzing repo: captiveportal_mikrotik
2025-02-04 16:45:00,600 - INFO - Analyzing repo: cgnat-mikrotik
2025-02-04 16:45:00,609 - INFO - Analyzing repo: check_bgp_mikrotik_nagios
2025-02-04 16:45:00,616 - INFO - Analyzing repo: check_mikrotik
2025-02-04 16:45:00,625 - INFO - Analyzing repo: check_mikrotik-by-ssh-ping-remote-ip
2025-02-04 16:45:00,632 - INFO - Analyzing repo: check_Mikrotik_OS
2025-02-04 16:45:00,640 - INFO - Analyzing repo: check_mikrotik_switch
2025-02-04 16:45:00,647 - INFO - Analyzing repo: check_mikrotik_swos
2025-02-04 16:45:00,654 - INFO - Analyzing repo: check_ping_from_mikrotik
2025-02-04 16:45:00,661 - INFO - Analyzing repo: cisco2mikrotik
2025-02-04 16:45:00,669 - INFO - Analyzing repo: codeigniter-mikrotik-api
2025-02-04 16:45:00,720 - INFO - Analyzing repo: Codeigniter-Mikrotik-Hotspot
2025-02-04 16:45:00,791 - INFO - Analyzing repo: collectd-mikrotik
2025-02-04 16:45:00,799 - INFO - Analyzing repo: companion-module-mikrotik-routeros
2025-02-04 16:45:00,806 - INFO - Analyzing repo: Config-Mikrotik
2025-02-04 16:45:00,814 - INFO - Analyzing repo: ConfigAutomationMikrotik
2025-02-04 16:45:00,823 - INFO - Analyzing repo: Convert-Linux-To-Mikrotik
2025-02-04 16:45:00,829 - INFO - Analyzing repo: Custom-Hotspot-Mikrotik
2025-02-04 16:45:00,838 - INFO - Analyzing repo: DH-Mikrotik
2025-02-04 16:45:00,844 - INFO - Analyzing repo: docker-NtopMikrotik
2025-02-04 16:45:00,851 - INFO - Analyzing repo: dondns-mikrotik
2025-02-04 16:45:00,857 - INFO - Analyzing repo: EC-MikroTik-Materials
2025-02-04 16:45:00,869 - INFO - Analyzing repo: eki-latihan-mikrotik
2025-02-04 16:45:00,902 - INFO - Analyzing repo: EnjoyMikrotik
2025-02-04 16:45:00,934 - INFO - Analyzing repo: esp32_snmp_mikrotik
2025-02-04 16:45:00,942 - INFO - Analyzing repo: esxi2mikrotik
2025-02-04 16:45:00,951 - INFO - Analyzing repo: ExpressJsMikrotik
2025-02-04 16:45:00,958 - INFO - Analyzing repo: fail2ban-mikrotik
2025-02-04 16:45:00,966 - INFO - Analyzing repo: fail2ban_mikrotik
2025-02-04 16:45:00,973 - INFO - Analyzing repo: FailOver_Mikrotik
2025-02-04 16:45:00,983 - INFO - Analyzing repo: Fake-Page-MikroTik
2025-02-04 16:45:00,991 - INFO - Analyzing repo: Fastnetmon-MikroTik-Plugin
2025-02-04 16:45:00,999 - INFO - Analyzing repo: firewall-mikrotik
2025-02-04 16:45:01,007 - INFO - Analyzing repo: Fix-WAN-Cloud-Mikrotik
2025-02-04 16:45:01,014 - INFO - Analyzing repo: Free-mikrotik-hotspot-template-kawaii-theme
2025-02-04 16:45:01,028 - INFO - Analyzing repo: FurMikrotik-bot
2025-02-04 16:45:01,040 - INFO - Analyzing repo: Gate2Trade
2025-02-04 16:45:01,045 - INFO - Analyzing repo: Generate-Mikrotik-Address-List
2025-02-04 16:45:01,051 - INFO - Analyzing repo: Gestor-Log-Mikrotik-Linux
2025-02-04 16:45:01,076 - INFO - Analyzing repo: Gestor-Log-Mikrotik-Windows
2025-02-04 16:45:02,290 - INFO - Analyzing repo: go-mikrotik-certman
2025-02-04 16:45:02,298 - INFO - Analyzing repo: go-mikrotik-rif
2025-02-04 16:45:02,305 - INFO - Analyzing repo: google-ip-range-for-mikrotik
2025-02-04 16:45:02,313 - INFO - Analyzing repo: gps_mikrotik_traccar
2025-02-04 16:45:02,319 - INFO - Analyzing repo: Grafana-Mikrotik
2025-02-04 16:45:02,329 - INFO - Analyzing repo: Group-Based-MikroTik-Hotspot-Login-Page
2025-02-04 16:45:02,336 - INFO - Analyzing repo: ha-mikrotik
2025-02-04 16:45:02,344 - INFO - Analyzing repo: hass_mikrotik_sms
2025-02-04 16:45:02,354 - INFO - Analyzing repo: home-assistant-mikrotik-tracker
2025-02-04 16:45:02,360 - INFO - Analyzing repo: homeassistant-mikrotik
2025-02-04 16:45:02,368 - INFO - Analyzing repo: homeassistant-mikrotik-api
2025-02-04 16:45:02,376 - INFO - Analyzing repo: homeassistant-mikrotik_router
2025-02-04 16:45:02,420 - INFO - Analyzing repo: hotspot-login-facebook-mikrotik
2025-02-04 16:45:02,431 - INFO - Analyzing repo: Hotspot-Mikrotik
2025-02-04 16:45:02,437 - INFO - Analyzing repo: hotspotMikrotikEksternal
2025-02-04 16:45:02,797 - INFO - Analyzing repo: Hotspot_Mikrotik_Tailwind
2025-02-04 16:45:02,809 - INFO - Analyzing repo: how-to-usg-mikrotik-ipsec-vpn
2025-02-04 16:45:02,816 - INFO - Analyzing repo: https-github.com-laksa19-mikrotik-hotspot-monitor
2025-02-04 16:45:02,829 - INFO - Analyzing repo: IcePay
2025-02-04 16:45:03,332 - INFO - Analyzing repo: Images-for-The-Dude-MikroTik-Ubiquiti
2025-02-04 16:45:03,349 - INFO - Analyzing repo: img_mikrotiks
2025-02-04 16:45:03,357 - INFO - Analyzing repo: indoads-mikrotik
2025-02-04 16:45:03,363 - INFO - Analyzing repo: infrastructure
2025-02-04 16:45:03,372 - INFO - Analyzing repo: ioBroker.mikrotik
2025-02-04 16:45:03,386 - INFO - Analyzing repo: ipriver_mikrotik_config_generator
2025-02-04 16:45:03,417 - INFO - Analyzing repo: ips-mikrotik-suricata
2025-02-04 16:45:03,425 - INFO - Analyzing repo: IPSec-IKE-v2-auto-script
2025-02-04 16:45:03,432 - INFO - Analyzing repo: IPv6_MikroTik
2025-02-04 16:45:03,438 - INFO - Analyzing repo: ISP_Mikrotik_Manager
2025-02-04 16:45:03,618 - INFO - Analyzing repo: KMITL-Auto-Authen-Mikrotik
2025-02-04 16:45:03,624 - INFO - Analyzing repo: kohana-mikrotik
2025-02-04 16:45:03,637 - INFO - Analyzing repo: L2TP-IPSec-on-Mikrotik
2025-02-04 16:45:03,644 - INFO - Analyzing repo: Lab-Monitoreo-de-Routers-Mikrotik-Cisco-y-Linux-Debian-9
2025-02-04 16:45:03,650 - INFO - Analyzing repo: laravel-mikrotik
2025-02-04 16:45:03,709 - INFO - Analyzing repo: Laravel-Mikrotik-API
2025-02-04 16:45:03,725 - INFO - Analyzing repo: laravel-MikrotikAPI
2025-02-04 16:45:03,764 - INFO - Analyzing repo: letsencrypt-mikrotik
2025-02-04 16:45:03,771 - INFO - Analyzing repo: letsencrypt-mikrotik-cert
2025-02-04 16:45:03,778 - INFO - Analyzing repo: lifx-mikrotik-voip-activity-monitor
2025-02-04 16:45:03,785 - INFO - Analyzing repo: Limit-Youtube-Video-Streams-on-Mikrotik
2025-02-04 16:45:03,792 - INFO - Analyzing repo: linet.mikrotik
2025-02-04 16:45:03,803 - INFO - Analyzing repo: lms-daemon-radius-mikrotik
2025-02-04 16:45:03,811 - INFO - Analyzing repo: loadbalance-mikrotik
2025-02-04 16:45:03,817 - INFO - Analyzing repo: LoadBallancing-Mikrotik
2025-02-04 16:45:03,824 - INFO - Analyzing repo: login-hotspot-mikrotik
2025-02-04 16:45:03,835 - INFO - Analyzing repo: login-mikrotik
2025-02-04 16:45:03,843 - INFO - Analyzing repo: Login-Mikrotik-Responsive-01
2025-02-04 16:45:03,851 - INFO - Analyzing repo: login-page-mikrotik
2025-02-04 16:45:03,867 - INFO - Analyzing repo: Login-Page-Mikrotik-With-Signup-Bot-Telegram
2025-02-04 16:45:03,878 - INFO - Analyzing repo: LoginHotspotMikrotik
2025-02-04 16:45:03,893 - INFO - Analyzing repo: lord_of_mikrotik
2025-02-04 16:45:03,902 - INFO - Analyzing repo: lua-mikrotik
2025-02-04 16:45:03,909 - INFO - Analyzing repo: mage-mikrotik-backup
2025-02-04 16:45:03,917 - INFO - Analyzing repo: MD-HotSpot-Mikrotik
2025-02-04 16:45:03,929 - INFO - Analyzing repo: mibs-snmp-mikrotik
2025-02-04 16:45:03,935 - INFO - Analyzing repo: midi_to_mikrotik_converter
2025-02-04 16:45:03,946 - INFO - Analyzing repo: mikrotik
2025-02-04 16:45:03,953 - INFO - Analyzing repo: mikrotik-0day
2025-02-04 16:45:03,960 - INFO - Analyzing repo: Mikrotik-1Key-Knocking-Access
2025-02-04 16:45:03,966 - INFO - Analyzing repo: mikrotik-2fa-vpn
2025-02-04 16:45:03,974 - INFO - Analyzing repo: mikrotik-acct
2025-02-04 16:45:03,981 - INFO - Analyzing repo: MikroTik-AdBlocks
2025-02-04 16:45:03,988 - INFO - Analyzing repo: mikrotik-address-lists
2025-02-04 16:45:03,995 - INFO - Analyzing repo: mikrotik-alau
2025-02-04 16:45:04,001 - INFO - Analyzing repo: mikrotik-ansible
2025-02-04 16:45:04,026 - INFO - Analyzing repo: mikrotik-ansible-dns-sync
2025-02-04 16:45:04,034 - INFO - Analyzing repo: Mikrotik-antimining
2025-02-04 16:45:04,040 - INFO - Analyzing repo: mikrotik-api
2025-02-04 16:45:04,057 - INFO - Analyzing repo: Mikrotik-api-crud-in-core-php
2025-02-04 16:45:04,065 - INFO - Analyzing repo: mikrotik-api-perl
2025-02-04 16:45:04,071 - INFO - Analyzing repo: Mikrotik-api-test-in-php
2025-02-04 16:45:04,079 - INFO - Analyzing repo: mikrotik-api-tools
2025-02-04 16:45:04,086 - INFO - Analyzing repo: mikrotik-APRS
2025-02-04 16:45:04,092 - INFO - Analyzing repo: mikrotik-armor
2025-02-04 16:45:04,100 - INFO - Analyzing repo: mikrotik-arp-monitor
2025-02-04 16:45:04,106 - INFO - Analyzing repo: mikrotik-arpwatch
2025-02-04 16:45:04,114 - INFO - Analyzing repo: MIKROTIK-AUTO-BACKUP-FROM-BATCH
2025-02-04 16:45:04,120 - INFO - Analyzing repo: mikrotik-auto-config
2025-02-04 16:45:04,127 - INFO - Analyzing repo: mikrotik-auto-login
2025-02-04 16:45:04,134 - INFO - Analyzing repo: Mikrotik-auto-update-upgrade
2025-02-04 16:45:04,141 - INFO - Analyzing repo: mikrotik-auto-wireguard
2025-02-04 16:45:04,155 - INFO - Analyzing repo: Mikrotik-autobackup-ftp
2025-02-04 16:45:04,161 - INFO - Analyzing repo: Mikrotik-autobackup-ssh
2025-02-04 16:45:04,168 - INFO - Analyzing repo: MikroTik-AutoBan
2025-02-04 16:45:04,174 - INFO - Analyzing repo: mikrotik-autofailover-script
2025-02-04 16:45:04,181 - INFO - Analyzing repo: mikrotik-autologin
2025-02-04 16:45:04,187 - INFO - Analyzing repo: Mikrotik-Automatic-FTP-Backup-Script
2025-02-04 16:45:04,194 - INFO - Analyzing repo: mikrotik-automation
2025-02-04 16:45:04,201 - INFO - Analyzing repo: mikrotik-backup
2025-02-04 16:45:04,207 - INFO - Analyzing repo: mikrotik-backup-collector
2025-02-04 16:45:04,214 - INFO - Analyzing repo: mikrotik-backups
2025-02-04 16:45:04,221 - INFO - Analyzing repo: mikrotik-ban
2025-02-04 16:45:04,227 - INFO - Analyzing repo: Mikrotik-Bandwidth-Monitoring-Script
2025-02-04 16:45:04,235 - INFO - Analyzing repo: MikroTik-BayernWLAN
2025-02-04 16:45:04,241 - INFO - Analyzing repo: mikrotik-beast
2025-02-04 16:45:04,247 - INFO - Analyzing repo: mikrotik-bgp-threat-feed
2025-02-04 16:45:04,254 - INFO - Analyzing repo: Mikrotik-Blacklist
2025-02-04 16:45:04,261 - INFO - Analyzing repo: Mikrotik-blacklists
2025-02-04 16:45:04,269 - INFO - Analyzing repo: mikrotik-block-lists
2025-02-04 16:45:04,277 - INFO - Analyzing repo: MikroTik-BPN
2025-02-04 16:45:04,283 - INFO - Analyzing repo: MikroTik-Bruter
2025-02-04 16:45:04,290 - INFO - Analyzing repo: mikrotik-caiway-routed-iptv
2025-02-04 16:45:04,296 - INFO - Analyzing repo: mikrotik-capsman
2025-02-04 16:45:04,304 - INFO - Analyzing repo: mikrotik-capsman-ipam
2025-02-04 16:45:04,313 - INFO - Analyzing repo: mikrotik-ccr
2025-02-04 16:45:04,319 - INFO - Analyzing repo: Mikrotik-Center-PHP
2025-02-04 16:45:04,427 - INFO - Analyzing repo: Mikrotik-CHR
2025-02-04 16:45:04,434 - INFO - Analyzing repo: mikrotik-client
2025-02-04 16:45:04,444 - INFO - Analyzing repo: mikrotik-cloud
2025-02-04 16:45:04,451 - INFO - Analyzing repo: mikrotik-cloudflare-ddns-scripts
2025-02-04 16:45:04,457 - INFO - Analyzing repo: mikrotik-cloudflare-dns
2025-02-04 16:45:04,464 - INFO - Analyzing repo: mikrotik-cmd
2025-02-04 16:45:04,470 - INFO - Analyzing repo: mikrotik-config
2025-02-04 16:45:04,476 - INFO - Analyzing repo: MikroTik-config-format
2025-02-04 16:45:04,483 - INFO - Analyzing repo: mikrotik-config-generator
2025-02-04 16:45:04,491 - INFO - Analyzing repo: mikrotik-configs
2025-02-04 16:45:04,498 - INFO - Analyzing repo: mikrotik-configuration
2025-02-04 16:45:04,504 - INFO - Analyzing repo: mikrotik-configurations
2025-02-04 16:45:04,510 - INFO - Analyzing repo: mikrotik-controller
2025-02-04 16:45:04,517 - INFO - Analyzing repo: mikrotik-ctrl
2025-02-04 16:45:04,523 - INFO - Analyzing repo: MikroTik-Demo
2025-02-04 16:45:04,587 - INFO - Analyzing repo: mikrotik-dhcp-leases-menubar
2025-02-04 16:45:04,593 - INFO - Analyzing repo: mikrotik-dhcpdns
2025-02-04 16:45:04,600 - INFO - Analyzing repo: mikrotik-distributed-ssh
2025-02-04 16:45:04,606 - INFO - Analyzing repo: mikrotik-dns
2025-02-04 16:45:04,613 - INFO - Analyzing repo: mikrotik-dns-dhcp
2025-02-04 16:45:04,620 - INFO - Analyzing repo: Mikrotik-Docker
2025-02-04 16:45:04,629 - INFO - Analyzing repo: mikrotik-dualwan-scripts
2025-02-04 16:45:04,635 - INFO - Analyzing repo: Mikrotik-DuckDNS
2025-02-04 16:45:04,642 - INFO - Analyzing repo: Mikrotik-Duckdns-Dynamic-IP-Updater
2025-02-04 16:45:04,648 - INFO - Analyzing repo: MikroTik-dynamic-ipv6
2025-02-04 16:45:04,655 - INFO - Analyzing repo: mikrotik-dyndns
2025-02-04 16:45:04,661 - INFO - Analyzing repo: mikrotik-easy-web-ui
2025-02-04 16:45:04,669 - INFO - Analyzing repo: mikrotik-eoip
2025-02-04 16:45:04,676 - INFO - Analyzing repo: mikrotik-esp-monitor
2025-02-04 16:45:04,682 - INFO - Analyzing repo: mikrotik-example
2025-02-04 16:45:04,696 - INFO - Analyzing repo: mikrotik-examples
2025-02-04 16:45:04,704 - INFO - Analyzing repo: Mikrotik-Exploit
2025-02-04 16:45:04,727 - INFO - Analyzing repo: Mikrotik-export-parser
2025-02-04 16:45:04,734 - INFO - Analyzing repo: mikrotik-exporter
2025-02-04 16:45:04,747 - INFO - Analyzing repo: mikrotik-ext-radius-pub
2025-02-04 16:45:04,754 - INFO - Analyzing repo: mikrotik-external-login
2025-02-04 16:45:04,761 - INFO - Analyzing repo: mikrotik-facebook
2025-02-04 16:45:04,774 - INFO - Analyzing repo: mikrotik-fail2ban
2025-02-04 16:45:04,780 - INFO - Analyzing repo: mikrotik-firewall
2025-02-04 16:45:04,790 - INFO - Analyzing repo: Mikrotik-Firewall-Filter-Examples
2025-02-04 16:45:04,796 - INFO - Analyzing repo: mikrotik-firewall-rules-to-csv
2025-02-04 16:45:04,802 - INFO - Analyzing repo: mikrotik-fortigate
2025-02-04 16:45:04,809 - INFO - Analyzing repo: mikrotik-fortigate-ipsec
2025-02-04 16:45:04,818 - INFO - Analyzing repo: Mikrotik-Free-WiFi-Hotspot-Auto-Connect-DDWRT-Script
2025-02-04 16:45:04,825 - INFO - Analyzing repo: mikrotik-frontend
2025-02-04 16:45:04,832 - INFO - Analyzing repo: mikrotik-frp
2025-02-04 16:45:04,842 - INFO - Analyzing repo: mikrotik-fwban
2025-02-04 16:45:04,899 - INFO - Analyzing repo: mikrotik-fwknop-pi
2025-02-04 16:45:04,905 - INFO - Analyzing repo: mikrotik-gfw-list
2025-02-04 16:45:04,913 - INFO - Analyzing repo: mikrotik-gps
2025-02-04 16:45:04,920 - INFO - Analyzing repo: mikrotik-gpsgate
2025-02-04 16:45:04,926 - INFO - Analyzing repo: mikrotik-graph
2025-02-04 16:45:04,935 - INFO - Analyzing repo: mikrotik-hosts-parser
2025-02-04 16:45:04,968 - INFO - Analyzing repo: Mikrotik-Hotsport
2025-02-04 16:45:05,007 - INFO - Analyzing repo: mikrotik-hotspot
2025-02-04 16:45:05,016 - INFO - Analyzing repo: mikrotik-hotspot-api
2025-02-04 16:45:05,022 - INFO - Analyzing repo: Mikrotik-Hotspot-Billing-Manager
2025-02-04 16:45:05,140 - INFO - Analyzing repo: mikrotik-hotspot-change-password
2025-02-04 16:45:05,146 - INFO - Analyzing repo: mikrotik-hotspot-external-login-page-none-PHP
2025-02-04 16:45:05,158 - INFO - Analyzing repo: mikrotik-hotspot-login
2025-02-04 16:45:05,165 - INFO - Analyzing repo: Mikrotik-hotspot-login-page
2025-02-04 16:45:05,176 - INFO - Analyzing repo: mikrotik-hotspot-md5
2025-02-04 16:45:05,186 - INFO - Analyzing repo: mikrotik-hotspot-monitor
2025-02-04 16:45:05,198 - INFO - Analyzing repo: mikrotik-hotspot-oauth
2025-02-04 16:45:05,210 - INFO - Analyzing repo: mikrotik-hotspot-page
2025-02-04 16:45:05,221 - INFO - Analyzing repo: mikrotik-hotspot-sms
2025-02-04 16:45:05,247 - INFO - Analyzing repo: Mikrotik-Hotspot-Template
2025-02-04 16:45:05,261 - INFO - Analyzing repo: Mikrotik-Hotspot-Template-Persian
2025-02-04 16:45:05,303 - INFO - Analyzing repo: mikrotik-hotspot-webinterface
2025-02-04 16:45:05,310 - INFO - Analyzing repo: Mikrotik-HTTP-Auth
2025-02-04 16:45:05,317 - INFO - Analyzing repo: mikrotik-imperial-march
2025-02-04 16:45:05,323 - INFO - Analyzing repo: mikrotik-initialize
2025-02-04 16:45:05,331 - INFO - Analyzing repo: mikrotik-installer
2025-02-04 16:45:05,338 - INFO - Analyzing repo: mikrotik-interface-check
2025-02-04 16:45:05,344 - INFO - Analyzing repo: mikrotik-ip
2025-02-04 16:45:05,352 - INFO - Analyzing repo: mikrotik-ip-accounting
2025-02-04 16:45:05,359 - INFO - Analyzing repo: mikrotik-ipam
2025-02-04 16:45:05,365 - INFO - Analyzing repo: mikrotik-ipsec-ddns
2025-02-04 16:45:05,372 - INFO - Analyzing repo: Mikrotik-IPSec-FailOver-Script
2025-02-04 16:45:05,380 - INFO - Analyzing repo: mikrotik-ipsec-fortigate
2025-02-04 16:45:05,386 - INFO - Analyzing repo: mikrotik-java
2025-02-04 16:45:05,398 - INFO - Analyzing repo: mikrotik-json-parser
2025-02-04 16:45:05,404 - INFO - Analyzing repo: mikrotik-kpn-xs4all
2025-02-04 16:45:05,410 - INFO - Analyzing repo: mikrotik-l2tp-client-to-meraki-menu
2025-02-04 16:45:05,417 - INFO - Analyzing repo: mikrotik-l2vpn
2025-02-04 16:45:05,424 - INFO - Analyzing repo: mikrotik-library
2025-02-04 16:45:05,465 - INFO - Analyzing repo: Mikrotik-linux
2025-02-04 16:45:05,473 - INFO - Analyzing repo: mikrotik-list-importer
2025-02-04 16:45:05,483 - INFO - Analyzing repo: mikrotik-loadbalancer
2025-02-04 16:45:05,490 - INFO - Analyzing repo: Mikrotik-Logging
2025-02-04 16:45:05,497 - INFO - Analyzing repo: mikrotik-login-page
2025-02-04 16:45:05,512 - INFO - Analyzing repo: mikrotik-login-rsudds
2025-02-04 16:45:05,521 - INFO - Analyzing repo: mikrotik-login-smkn-1
2025-02-04 16:45:05,655 - INFO - Analyzing repo: Mikrotik-Manager
2025-02-04 16:45:05,746 - INFO - Analyzing repo: mikrotik-mangleproxy-hotspot
2025-02-04 16:45:05,753 - INFO - Analyzing repo: MikroTik-mD-Track
2025-02-04 16:45:05,760 - INFO - Analyzing repo: mikrotik-modem-reset
2025-02-04 16:45:05,766 - INFO - Analyzing repo: mikrotik-monitoring-api
2025-02-04 16:45:05,799 - INFO - Analyzing repo: mikrotik-mtcna
2025-02-04 16:45:05,830 - INFO - Analyzing repo: mikrotik-netinstall
2025-02-04 16:45:05,837 - INFO - Analyzing repo: Mikrotik-Networking
2025-02-04 16:45:05,845 - INFO - Analyzing repo: mikrotik-newrelic
2025-02-04 16:45:05,852 - INFO - Analyzing repo: Mikrotik-NOIP
2025-02-04 16:45:05,859 - INFO - Analyzing repo: mikrotik-npk
2025-02-04 16:45:05,865 - INFO - Analyzing repo: mikrotik-office365-rsc
2025-02-04 16:45:05,872 - INFO - Analyzing repo: mikrotik-openvpn-client
2025-02-04 16:45:05,880 - INFO - Analyzing repo: mikrotik-ovpn
2025-02-04 16:45:05,886 - INFO - Analyzing repo: mikrotik-ovpn-client-pbr
2025-02-04 16:45:05,892 - INFO - Analyzing repo: mikrotik-payment
2025-02-04 16:45:05,926 - INFO - Analyzing repo: mikrotik-pd-ipv6-radius
2025-02-04 16:45:05,934 - INFO - Analyzing repo: mikrotik-perl-api
2025-02-04 16:45:05,941 - INFO - Analyzing repo: Mikrotik-Phicomm-Backup
2025-02-04 16:45:05,952 - INFO - Analyzing repo: mikrotik-php
2025-02-04 16:45:05,959 - INFO - Analyzing repo: mikrotik-php-api-hotspot-user-generator
2025-02-04 16:45:05,979 - INFO - Analyzing repo: Mikrotik-PHP-Scripts
2025-02-04 16:45:05,986 - INFO - Analyzing repo: mikrotik-pings
2025-02-04 16:45:05,997 - INFO - Analyzing repo: mikrotik-port-scanner
2025-02-04 16:45:06,003 - INFO - Analyzing repo: Mikrotik-Powershell
2025-02-04 16:45:06,010 - INFO - Analyzing repo: Mikrotik-PPPoE-failover
2025-02-04 16:45:06,017 - INFO - Analyzing repo: MikroTik-pptpBan
2025-02-04 16:45:06,024 - INFO - Analyzing repo: mikrotik-presence-control
2025-02-04 16:45:06,030 - INFO - Analyzing repo: mikrotik-protonvpn-integration
2025-02-04 16:45:06,038 - INFO - Analyzing repo: mikrotik-provisioning
2025-02-04 16:45:06,048 - INFO - Analyzing repo: mikrotik-proxy-logger
2025-02-04 16:45:06,080 - INFO - Analyzing repo: Mikrotik-Proxylizer
2025-02-04 16:45:06,087 - INFO - Analyzing repo: mikrotik-prtg-snmp
2025-02-04 16:45:06,094 - INFO - Analyzing repo: MikroTik-Python
2025-02-04 16:45:06,100 - INFO - Analyzing repo: mikrotik-qos
2025-02-04 16:45:06,109 - INFO - Analyzing repo: Mikrotik-Queue-Tree-Traffic-Priority
2025-02-04 16:45:06,116 - INFO - Analyzing repo: mikrotik-rb960-on-openwrt
2025-02-04 16:45:06,122 - INFO - Analyzing repo: MikroTik-RegExp
2025-02-04 16:45:06,129 - INFO - Analyzing repo: mikrotik-remote-command
2025-02-04 16:45:06,136 - INFO - Analyzing repo: Mikrotik-researcher-tools
2025-02-04 16:45:07,336 - INFO - Analyzing repo: mikrotik-reverse-proxy
2025-02-04 16:45:07,342 - INFO - Analyzing repo: mikrotik-rkn-list
2025-02-04 16:45:07,351 - INFO - Analyzing repo: mikrotik-route
2025-02-04 16:45:07,358 - INFO - Analyzing repo: Mikrotik-router-hack
2025-02-04 16:45:07,365 - INFO - Analyzing repo: Mikrotik-router-login
2025-02-04 16:45:07,371 - INFO - Analyzing repo: mikrotik-router-management
2025-02-04 16:45:07,381 - INFO - Analyzing repo: Mikrotik-Router-Monitoring-System
2025-02-04 16:45:07,390 - INFO - Analyzing repo: mikrotik-router-os-pear2
2025-02-04 16:45:07,396 - INFO - Analyzing repo: MikroTik-Router-Traffic-Monitoring
2025-02-04 16:45:07,404 - INFO - Analyzing repo: mikrotik-routeros
2025-02-04 16:45:07,412 - INFO - Analyzing repo: Mikrotik-RouterOS-0day-Mass-Exploiter
2025-02-04 16:45:07,419 - INFO - Analyzing repo: Mikrotik-RouterOS-API-VFP-9.0
2025-02-04 16:45:07,427 - INFO - Analyzing repo: Mikrotik-RouterOS-automatic-backup-and-update
2025-02-04 16:45:07,435 - INFO - Analyzing repo: MikroTik-RouterOS-script-for-setup-OpenVPN-server-and-generate-certificates
2025-02-04 16:45:07,442 - INFO - Analyzing repo: mikrotik-routeros-scripts
2025-02-04 16:45:07,452 - INFO - Analyzing repo: MikroTik-RouterOS-Update-Ansible
2025-02-04 16:45:07,459 - INFO - Analyzing repo: MikroTik-RouterOS-v7-Wireguard-Generator
2025-02-04 16:45:07,466 - INFO - Analyzing repo: Mikrotik-RPC-Server
2025-02-04 16:45:07,473 - INFO - Analyzing repo: Mikrotik-RTL-Theme
2025-02-04 16:45:07,488 - INFO - Analyzing repo: Mikrotik-rust
2025-02-04 16:45:07,494 - INFO - Analyzing repo: MIKROTIK-SCRIPT
2025-02-04 16:45:07,509 - INFO - Analyzing repo: Mikrotik-Script-Framework
2025-02-04 16:45:07,528 - INFO - Analyzing repo: mikrotik-script-maker
2025-02-04 16:45:07,536 - INFO - Analyzing repo: Mikrotik-Script-Sync-Address-list_to_Hotspot_Ip-bindings
2025-02-04 16:45:07,543 - INFO - Analyzing repo: MikroTik-Scripting---Hourly-Hotspot-User-via-Telegram
2025-02-04 16:45:07,549 - INFO - Analyzing repo: mikrotik-scripts
2025-02-04 16:45:07,559 - INFO - Analyzing repo: mikrotik-scripts.github.io
2025-02-04 16:45:07,565 - INFO - Analyzing repo: mikrotik-sms-forward-telegram
2025-02-04 16:45:07,572 - INFO - Analyzing repo: mikrotik-social-hotspot
2025-02-04 16:45:07,582 - INFO - Analyzing repo: mikrotik-ssh
2025-02-04 16:45:07,588 - INFO - Analyzing repo: mikrotik-ssh-rdp
2025-02-04 16:45:07,595 - INFO - Analyzing repo: MikroTik-sshBan
2025-02-04 16:45:07,601 - INFO - Analyzing repo: mikrotik-ssl
2025-02-04 16:45:07,608 - INFO - Analyzing repo: mikrotik-stats
2025-02-04 16:45:07,614 - INFO - Analyzing repo: mikrotik-telegram-bot
2025-02-04 16:45:07,622 - INFO - Analyzing repo: MikroTik-Telegram-Scripts
2025-02-04 16:45:07,628 - INFO - Analyzing repo: mikrotik-telegram-vpnlist
2025-02-04 16:45:07,635 - INFO - Analyzing repo: Mikrotik-Theme
2025-02-04 16:45:07,644 - INFO - Analyzing repo: Mikrotik-to-Crestron-statistics
2025-02-04 16:45:07,651 - INFO - Analyzing repo: mikrotik-to-netmri
2025-02-04 16:45:07,657 - INFO - Analyzing repo: mikrotik-tools
2025-02-04 16:45:07,669 - INFO - Analyzing repo: mikrotik-traffic
2025-02-04 16:45:07,678 - INFO - Analyzing repo: mikrotik-traffic-counter
2025-02-04 16:45:07,685 - INFO - Analyzing repo: mikrotik-traffic-grapher
2025-02-04 16:45:07,699 - INFO - Analyzing repo: Mikrotik-Traffic-Shaping
2025-02-04 16:45:07,706 - INFO - Analyzing repo: mikrotik-updater
2025-02-04 16:45:07,712 - INFO - Analyzing repo: MikroTik-upgrade
2025-02-04 16:45:07,719 - INFO - Analyzing repo: Mikrotik-UserLoginAlert
2025-02-04 16:45:07,726 - INFO - Analyzing repo: mikrotik-userman-python
2025-02-04 16:45:07,733 - INFO - Analyzing repo: mikrotik-virus-protection
2025-02-04 16:45:07,740 - INFO - Analyzing repo: mikrotik-vpn-checker-script
2025-02-04 16:45:07,746 - INFO - Analyzing repo: mikrotik-wifi-disabler
2025-02-04 16:45:07,752 - INFO - Analyzing repo: mikrotik-wifi-hotspot-portal
2025-02-04 16:45:07,762 - INFO - Analyzing repo: Mikrotik-WiFi-Vendo
2025-02-04 16:45:07,772 - INFO - Analyzing repo: Mikrotik-Wilress-Automations
2025-02-04 16:45:07,779 - INFO - Analyzing repo: Mikrotik-WinBox-Exploit
2025-02-04 16:45:07,786 - INFO - Analyzing repo: mikrotik-winbox-linux-packaging
2025-02-04 16:45:07,793 - INFO - Analyzing repo: mikrotik-youtube-bandwith
2025-02-04 16:45:07,800 - INFO - Analyzing repo: mikrotik-zone
2025-02-04 16:45:07,825 - INFO - Analyzing repo: mikrotik.dyndns
2025-02-04 16:45:07,830 - INFO - Analyzing repo: mikrotik0dayScanner
2025-02-04 16:45:07,836 - INFO - Analyzing repo: mikrotik2mqtt
2025-02-04 16:45:07,850 - INFO - Analyzing repo: mikrotikapi
2025-02-04 16:45:07,862 - INFO - Analyzing repo: MikrotikAPI-Laravel8
2025-02-04 16:45:08,143 - INFO - Analyzing repo: mikrotikapipingutilityapt
2025-02-04 16:45:08,152 - INFO - Analyzing repo: mikrotikBgpZabbixScript
2025-02-04 16:45:08,159 - INFO - Analyzing repo: MikrotikBlockDangerAddresses
2025-02-04 16:45:08,165 - INFO - Analyzing repo: Mikrotikbottelegram
2025-02-04 16:45:08,172 - INFO - Analyzing repo: MikrotikBox
2025-02-04 16:45:08,184 - INFO - Analyzing repo: MikrotikBuildingNetworkTable
2025-02-04 16:45:08,191 - INFO - Analyzing repo: MikrotikCenter
2025-02-04 16:45:08,360 - INFO - Analyzing repo: mikrotikConf
2025-02-04 16:45:08,367 - INFO - Analyzing repo: MikrotikConfigByFBI
2025-02-04 16:45:08,374 - INFO - Analyzing repo: mikrotikdashboard
2025-02-04 16:45:08,854 - INFO - Analyzing repo: MikrotikDelphi
2025-02-04 16:45:08,873 - INFO - Analyzing repo: MikrotikDotNet
2025-02-04 16:45:08,883 - INFO - Analyzing repo: MikrotikExploit
2025-02-04 16:45:08,889 - INFO - Analyzing repo: mikrotikgedhe
2025-02-04 16:45:08,901 - INFO - Analyzing repo: MikrotikHealth
2025-02-04 16:45:08,908 - INFO - Analyzing repo: mikrotikhotspot
2025-02-04 16:45:08,917 - INFO - Analyzing repo: MikrotikHotspotBillingManager
2025-02-04 16:45:09,034 - INFO - Analyzing repo: MikrotikIPV6Firewall_settings
2025-02-04 16:45:09,041 - INFO - Analyzing repo: MikrotikJson
2025-02-04 16:45:09,047 - INFO - Analyzing repo: MikrotikJSON4DatadogAPI
2025-02-04 16:45:09,053 - INFO - Analyzing repo: MikrotikLATAM
2025-02-04 16:45:09,062 - INFO - Analyzing repo: mikrotiklogin
2025-02-04 16:45:09,069 - INFO - Analyzing repo: MikrotikManager
2025-02-04 16:45:09,080 - INFO - Analyzing repo: MikrotikMCP
2025-02-04 16:45:09,087 - INFO - Analyzing repo: MikroTikMiniApi
2025-02-04 16:45:09,104 - INFO - Analyzing repo: MikroTikMultiETECSAConnection
2025-02-04 16:45:09,110 - INFO - Analyzing repo: MikrotikNoSQL
2025-02-04 16:45:09,124 - INFO - Analyzing repo: MikrotikOVPN
2025-02-04 16:45:09,131 - INFO - Analyzing repo: MikroTikPerl
2025-02-04 16:45:09,137 - INFO - Analyzing repo: MikrotikRouterOS-APIs
2025-02-04 16:45:09,145 - INFO - Analyzing repo: MikrotikScript
2025-02-04 16:45:09,152 - INFO - Analyzing repo: MikrotikScripts
2025-02-04 16:45:09,159 - INFO - Analyzing repo: MikrotikSploit
2025-02-04 16:45:09,168 - INFO - Analyzing repo: MikrotikSSHBackup
2025-02-04 16:45:09,181 - INFO - Analyzing repo: MikrotikSSHPiano
2025-02-04 16:45:09,189 - INFO - Analyzing repo: mikrotikSSL
2025-02-04 16:45:09,197 - INFO - Analyzing repo: MikrotikTelegramMessageHandler
2025-02-04 16:45:09,203 - INFO - Analyzing repo: MikrotikToDiscord
2025-02-04 16:45:09,210 - INFO - Analyzing repo: mikrotiktool.github.io
2025-02-04 16:45:09,246 - INFO - Analyzing repo: MikrotikTrafficMonitor
2025-02-04 16:45:09,508 - INFO - Analyzing repo: MikrotikUpdateAvailable
2025-02-04 16:45:09,515 - INFO - Analyzing repo: MikrotikVoIPBlackList
2025-02-04 16:45:09,522 - INFO - Analyzing repo: MikrotikWhatsappReport
2025-02-04 16:45:09,528 - INFO - Analyzing repo: MikrotikWikiParser
2025-02-04 16:45:09,535 - INFO - Analyzing repo: mikrotik_2_factor
2025-02-04 16:45:09,545 - INFO - Analyzing repo: mikrotik_adblock
2025-02-04 16:45:09,552 - INFO - Analyzing repo: mikrotik_ad_block
2025-02-04 16:45:09,559 - INFO - Analyzing repo: mikrotik_ajax_test
2025-02-04 16:45:09,570 - INFO - Analyzing repo: Mikrotik_API
2025-02-04 16:45:09,604 - INFO - Analyzing repo: mikrotik_arduino_lcd
2025-02-04 16:45:09,611 - INFO - Analyzing repo: Mikrotik_Automation
2025-02-04 16:45:09,618 - INFO - Analyzing repo: MikroTik_Backups
2025-02-04 16:45:09,626 - INFO - Analyzing repo: mikrotik_bashsible_public
2025-02-04 16:45:09,634 - INFO - Analyzing repo: Mikrotik_BGP_State
2025-02-04 16:45:09,640 - INFO - Analyzing repo: mikrotik_BGP_Status
2025-02-04 16:45:09,647 - INFO - Analyzing repo: mikrotik_blocklist
2025-02-04 16:45:09,656 - INFO - Analyzing repo: MikroTik_Blocklist-DL
2025-02-04 16:45:09,663 - INFO - Analyzing repo: mikrotik_btest
2025-02-04 16:45:09,671 - INFO - Analyzing repo: mikrotik_btest_openwrt
2025-02-04 16:45:09,678 - INFO - Analyzing repo: mikrotik_btest_stub
2025-02-04 16:45:09,684 - INFO - Analyzing repo: MikroTik_CAPsMAN_Automation
2025-02-04 16:45:09,691 - INFO - Analyzing repo: Mikrotik_Center
2025-02-04 16:45:09,802 - INFO - Analyzing repo: Mikrotik_CF_DDNS
2025-02-04 16:45:09,809 - INFO - Analyzing repo: Mikrotik_Clientrouters_config_builder
2025-02-04 16:45:09,815 - INFO - Analyzing repo: mikrotik_commit_confirmed
2025-02-04 16:45:09,822 - INFO - Analyzing repo: mikrotik_control
2025-02-04 16:45:09,830 - INFO - Analyzing repo: Mikrotik_Cracker
2025-02-04 16:45:09,952 - INFO - Analyzing repo: mikrotik_dan_laravel
2025-02-04 16:45:09,974 - INFO - Analyzing repo: mikrotik_dhcp_lease_check
2025-02-04 16:45:09,991 - INFO - Analyzing repo: mikrotik_dhcp_option_249
2025-02-04 16:45:09,998 - INFO - Analyzing repo: mikrotik_dynamicDNS_infomaniak
2025-02-04 16:45:10,005 - INFO - Analyzing repo: mikrotik_EAP
2025-02-04 16:45:10,011 - INFO - Analyzing repo: mikrotik_eos
2025-02-04 16:45:10,047 - INFO - Analyzing repo: mikrotik_erase_bbt
2025-02-04 16:45:10,053 - INFO - Analyzing repo: MikroTik_Exploit
2025-02-04 16:45:10,059 - INFO - Analyzing repo: mikrotik_exporter
2025-02-04 16:45:10,070 - INFO - Analyzing repo: Mikrotik_Facebook_Login_Panel
2025-02-04 16:45:10,077 - INFO - Analyzing repo: mikrotik_ftp_backup
2025-02-04 16:45:10,083 - INFO - Analyzing repo: mikrotik_hadening
2025-02-04 16:45:10,092 - INFO - Analyzing repo: mikrotik_hotspot
2025-02-04 16:45:10,101 - INFO - Analyzing repo: mikrotik_hotspot_jellyfin
2025-02-04 16:45:10,108 - INFO - Analyzing repo: mikrotik_isp_checker
2025-02-04 16:45:10,114 - INFO - Analyzing repo: Mikrotik_learning
2025-02-04 16:45:10,121 - INFO - Analyzing repo: Mikrotik_led_signal_wireless
2025-02-04 16:45:10,128 - INFO - Analyzing repo: Mikrotik_Load_Balance_Mangle
2025-02-04 16:45:10,134 - INFO - Analyzing repo: mikrotik_management
2025-02-04 16:45:10,185 - INFO - Analyzing repo: mikrotik_maxslug
2025-02-04 16:45:10,194 - INFO - Analyzing repo: mikrotik_meris_checker
2025-02-04 16:45:10,201 - INFO - Analyzing repo: mikrotik_monitoring
2025-02-04 16:45:10,211 - INFO - Analyzing repo: mikrotik_monitoring_system
2025-02-04 16:45:10,234 - INFO - Analyzing repo: MikroTik_OpenVPN_Server_Setup
2025-02-04 16:45:10,241 - INFO - Analyzing repo: mikrotik_parental_control
2025-02-04 16:45:10,248 - INFO - Analyzing repo: mikrotik_ping_notify
2025-02-04 16:45:10,255 - INFO - Analyzing repo: mikrotik_proxmox
2025-02-04 16:45:10,261 - INFO - Analyzing repo: Mikrotik_RenewByPing
2025-02-04 16:45:10,267 - INFO - Analyzing repo: mikrotik_rkn
2025-02-04 16:45:10,274 - INFO - Analyzing repo: Mikrotik_RouterOS_PHP_CodeIgniter_library
2025-02-04 16:45:10,281 - INFO - Analyzing repo: mikrotik_router_manager
2025-02-04 16:45:10,301 - INFO - Analyzing repo: Mikrotik_Scan_Exploit
2025-02-04 16:45:10,308 - INFO - Analyzing repo: Mikrotik_Scripts
2025-02-04 16:45:10,314 - INFO - Analyzing repo: mikrotik_security
2025-02-04 16:45:10,324 - INFO - Analyzing repo: mikrotik_swos_tools
2025-02-04 16:45:10,331 - INFO - Analyzing repo: mikrotik_sxtr_safe_sim_changer
2025-02-04 16:45:10,337 - INFO - Analyzing repo: Mikrotik_Telegram
2025-02-04 16:45:10,344 - INFO - Analyzing repo: Mikrotik_Themes
2025-02-04 16:45:10,353 - INFO - Analyzing repo: Mikrotik_update_AddressList_ip
2025-02-04 16:45:10,359 - INFO - Analyzing repo: mikrotik_upgrade
2025-02-04 16:45:10,368 - INFO - Analyzing repo: Mikrotik_VPN_2F_auth
2025-02-04 16:45:10,375 - INFO - Analyzing repo: Mikrotik_WebAPI
2025-02-04 16:45:10,578 - INFO - Analyzing repo: mikrotik_x_config_reader
2025-02-04 16:45:10,586 - INFO - Analyzing repo: MikroTik_zapret-info
2025-02-04 16:45:10,593 - INFO - Analyzing repo: mikrotik_zbf
2025-02-04 16:45:10,599 - INFO - Analyzing repo: monitoring-check_mikrotik
2025-02-04 16:45:10,606 - INFO - Analyzing repo: monitoring-jaringan-mikrotik-dan-google-apps-script
2025-02-04 16:45:10,614 - INFO - Analyzing repo: MTM-Mikrotik
2025-02-04 16:45:10,623 - INFO - Analyzing repo: munin-mikrotik-go
2025-02-04 16:45:10,631 - INFO - Analyzing repo: MVC-Php-Mikrotik
2025-02-04 16:45:10,651 - INFO - Analyzing repo: my-mikrotik-traffic-monitor
2025-02-04 16:45:10,665 - INFO - Analyzing repo: MyMikrotik
2025-02-04 16:45:10,672 - INFO - Analyzing repo: MyWebMikrotikHotspot
2025-02-04 16:45:10,682 - INFO - Analyzing repo: nagios-mikrotik
2025-02-04 16:45:10,689 - INFO - Analyzing repo: NETFACE-MikroTik-Hotspot-Manager
2025-02-04 16:45:10,700 - INFO - Analyzing repo: Network-Automation-Mikrotik-PFFP
2025-02-04 16:45:10,706 - INFO - Analyzing repo: Networking-Automation-with-Powershell-SNMP-settings-on-Mikrotik-
2025-02-04 16:45:10,714 - INFO - Analyzing repo: nix-mikrotik
2025-02-04 16:45:10,722 - INFO - Analyzing repo: node-red-contrib-mikrotik
2025-02-04 16:45:10,732 - INFO - Analyzing repo: nodejs-mikrotik-radius-server
2025-02-04 16:45:10,739 - INFO - Analyzing repo: NotepadPlusPlus-Syntax-Highlighter-Mikrotik
2025-02-04 16:45:10,752 - INFO - Analyzing repo: nsupdate.info_DynamicDNSClientForMikrotik
2025-02-04 16:45:10,759 - INFO - Analyzing repo: Open-Hotspot-Manger-for-Mikrotik
2025-02-04 16:45:10,784 - INFO - Analyzing repo: openvpn-mikrotik
2025-02-04 16:45:10,795 - INFO - Analyzing repo: openvpn-mikrotik-ios
2025-02-04 16:45:10,801 - INFO - Analyzing repo: openwrt-mikrotik
2025-02-04 16:45:10,810 - INFO - Analyzing repo: openwrt-mikrotik-crs125
2025-02-04 16:45:10,815 - INFO - Analyzing repo: packer-mikrotik
2025-02-04 16:45:10,823 - INFO - Analyzing repo: PAGE-LOGIN-MIKROTIK
2025-02-04 16:45:10,830 - INFO - Analyzing repo: Page_login_Mikrotik
2025-02-04 16:45:10,839 - INFO - Analyzing repo: paramiko-cisco-mikrotik
2025-02-04 16:45:10,846 - INFO - Analyzing repo: PengamanMikrotik
2025-02-04 16:45:10,852 - INFO - Analyzing repo: php-mikrotik
2025-02-04 16:45:10,859 - INFO - Analyzing repo: PHP-Mikrotik-Administrator
2025-02-04 16:45:10,911 - INFO - Analyzing repo: php-mikrotik-hospot
2025-02-04 16:45:10,975 - INFO - Analyzing repo: PHP-registrasi-mikrotik
2025-02-04 16:45:11,403 - INFO - Analyzing repo: phpmixbill-mikrotik-login-template
2025-02-04 16:45:11,415 - INFO - Analyzing repo: PI-Mikrotik
2025-02-04 16:45:11,464 - INFO - Analyzing repo: plugin_mikrotik
2025-02-04 16:45:11,481 - INFO - Analyzing repo: polish-mikrotik-filters_git_MajkiIT
2025-02-04 16:45:11,490 - INFO - Analyzing repo: prometheus-mikrotik-swos-exporter
2025-02-04 16:45:11,497 - INFO - Analyzing repo: prometheus_mikrotik_capsman_exporter
2025-02-04 16:45:11,504 - INFO - Analyzing repo: provedor_mikrotik_dashboard
2025-02-04 16:45:11,513 - INFO - Analyzing repo: Public-Mikrotik-Rules
2025-02-04 16:45:11,519 - INFO - Analyzing repo: puppet-mikrotik
2025-02-04 16:45:11,570 - INFO - Analyzing repo: PUQ_WHMCS-Mikrotik-VPN
2025-02-04 16:45:11,577 - INFO - Analyzing repo: PushMikrotik
2025-02-04 16:45:11,584 - INFO - Analyzing repo: Putrapakuan-Mikrotik-Hotspot-Theme-v3
2025-02-04 16:45:11,598 - INFO - Analyzing repo: py-mikrotik-logger
2025-02-04 16:45:11,604 - INFO - Analyzing repo: python-mikrotik
2025-02-04 16:45:11,611 - INFO - Analyzing repo: python-mikrotik-logger
2025-02-04 16:45:11,618 - INFO - Analyzing repo: Python-Mikrotik-WebClient-WiFi-Login
2025-02-04 16:45:11,626 - INFO - Analyzing repo: Python-MikrotikAutomation
2025-02-04 16:45:11,633 - INFO - Analyzing repo: Python-MikrotikLoginExploit
2025-02-04 16:45:11,640 - INFO - Analyzing repo: python_mikrotik
2025-02-04 16:45:11,903 - INFO - Analyzing repo: radius-mikrotik
2025-02-04 16:45:12,183 - INFO - Analyzing repo: realestate
2025-02-04 16:45:12,187 - INFO - Analyzing repo: RealMikrotikBackup
2025-02-04 16:45:12,780 - INFO - Analyzing repo: Responsive-Mikrotik-Template
2025-02-04 16:45:12,792 - INFO - Analyzing repo: responsive-mikrotik-template-bootstrap4
2025-02-04 16:45:12,809 - INFO - Analyzing repo: restful-mikrotik
2025-02-04 16:45:12,815 - INFO - Analyzing repo: Ruby_MikroTik_Backup
2025-02-04 16:45:12,822 - INFO - Analyzing repo: save-mikrotik-usage
2025-02-04 16:45:12,829 - INFO - Analyzing repo: script-mikrotik
2025-02-04 16:45:12,836 - INFO - Analyzing repo: Scripts-MikroTik
2025-02-04 16:45:12,848 - INFO - Analyzing repo: sfp_mikrotik
2025-02-04 16:45:12,854 - INFO - Analyzing repo: simple-mikrotik-script
2025-02-04 16:45:12,861 - INFO - Analyzing repo: Simple-Mikrotik-Web-Interface
2025-02-04 16:45:13,252 - INFO - Analyzing repo: Skripsi-gue-Mikrotik-RouterOs-React-Native
2025-02-04 16:45:13,309 - INFO - Analyzing repo: smd-mikrotik-radius
2025-02-04 16:45:13,403 - INFO - Analyzing repo: snmp-exporter-mikrotik
2025-02-04 16:45:13,409 - INFO - Analyzing repo: snmp-mikrotik
2025-02-04 16:45:13,416 - INFO - Analyzing repo: snooper_mikrotik
2025-02-04 16:45:13,422 - INFO - Analyzing repo: social_mikrotik_hotspot
2025-02-04 16:45:13,444 - INFO - Analyzing repo: tailscale-mikrotik
2025-02-04 16:45:13,453 - INFO - Analyzing repo: telegraf-snmp-mikrotik
2025-02-04 16:45:13,461 - INFO - Analyzing repo: TelegramBotMikrotik
2025-02-04 16:45:13,469 - INFO - Analyzing repo: template-login-hotspot-mikrotik-02
2025-02-04 16:45:13,480 - INFO - Analyzing repo: template-login-hotspot-mikrotik-instagram
2025-02-04 16:45:13,489 - INFO - Analyzing repo: template-login-hotspot-mikrotik-neumorphism
2025-02-04 16:45:13,498 - INFO - Analyzing repo: terraform-provider-mikrotik
2025-02-04 16:45:13,536 - INFO - Analyzing repo: turbog-mikrotik-proxy-logger
2025-02-04 16:45:13,816 - INFO - Analyzing repo: update-api-mikrotik
2025-02-04 16:45:13,824 - INFO - Analyzing repo: updated-api-mikrotik
2025-02-04 16:45:13,833 - INFO - Analyzing repo: upgrade-mikrotik-routeros
2025-02-04 16:45:13,842 - INFO - Analyzing repo: UVC-Ansible-Mikrotik-RB-Update
2025-02-04 16:45:13,850 - INFO - Analyzing repo: vim-mikrotik
2025-02-04 16:45:13,856 - INFO - Analyzing repo: vps-mikrotik-install
2025-02-04 16:45:13,862 - INFO - Analyzing repo: vrrp_with_sync_mikrotik
2025-02-04 16:45:13,869 - INFO - Analyzing repo: vscode_mikrotik_routeros_script
2025-02-04 16:45:13,880 - INFO - Analyzing repo: webpanel_ips_mikrotik_suricata
2025-02-04 16:45:13,887 - INFO - Analyzing repo: Website-API-MIKROTIK
2025-02-04 16:45:13,987 - INFO - Analyzing repo: Wi-Fi-WPA-Key-Changer-for-Keenetic-and-Mikrotik-based-on-Arduino
2025-02-04 16:45:14,021 - INFO - Analyzing repo: WinboxExploitMikrotik
2025-02-04 16:45:14,028 - INFO - Analyzing repo: wordpress-hotspot-for-mikrotik
2025-02-04 16:45:14,038 - INFO - Analyzing repo: ws_mikrotik_springboot_rest
2025-02-04 16:45:14,053 - INFO - Analyzing repo: yii2-mikrotik
2025-02-04 16:45:14,060 - INFO - Analyzing repo: zabbix-mikrotik
2025-02-04 16:45:14,067 - INFO - Analyzing repo: Zabbix-Mikrotik-BGP-JSON
2025-02-04 16:45:14,073 - INFO - Analyzing repo: Zabbix-Mikrotik-OSPF-JSON
2025-02-04 16:45:14,080 - INFO - Analyzing repo: Zabbix-Mikrotik-Queue-Tree
2025-02-04 16:45:14,086 - INFO - Analyzing repo: ZABBIX-Mikrotik-Rest-API
2025-02-04 16:45:14,093 - INFO - Analyzing repo: zabbix-mikrotik-snmp
2025-02-04 16:45:14,100 - INFO - Analyzing repo: ZabbixMikrotikSFPtemplate
2025-02-04 16:45:14,107 - INFO - Analyzing repo: ZenPacks.zenoss.MikroTik
2025-02-04 16:45:14,115 - INFO - Analyzing repo: ZeroDayMikrotik
2025-02-04 16:45:14,123 - INFO - Analyzing repo: zi2mikrotik
2025-02-04 16:45:14,131 - INFO - Analyzing repo: ztp-mikrotik
2025-02-04 16:45:23,965 - INFO - 
Repository Analysis Summary:
2025-02-04 16:45:23,965 - INFO - Total repositories found: 590
2025-02-04 16:45:23,965 - INFO - Successfully analyzed: 590
2025-02-04 16:45:23,965 - INFO - Failed to analyze: 0
2025-02-04 16:45:23,965 - INFO - 
Top languages:
2025-02-04 16:45:23,965 - INFO -   py: 93 repos
2025-02-04 16:45:23,966 - INFO -   php: 84 repos
2025-02-04 16:45:23,966 - INFO -   js: 78 repos
2025-02-04 16:45:23,966 - INFO -   sh: 41 repos
2025-02-04 16:45:23,966 - INFO -   go: 11 repos
2025-02-04 16:45:23,966 - INFO - 
File categories:
2025-02-04 16:45:23,966 - INFO -   other: 39452 files
2025-02-04 16:45:23,966 - INFO -   code: 27226 files
2025-02-04 16:45:23,967 - INFO -   test: 1478 files
2025-02-04 16:45:23,967 - INFO -   documentation: 1402 files
2025-02-04 16:45:23,967 - INFO -   config: 1162 files
2025-02-04 16:45:23,967 - INFO -   license: 752 files
2025-02-04 16:45:23,967 - INFO -   readme: 744 files
2025-02-04 16:45:23,967 - INFO -   changelog: 81 files
2025-02-04 16:45:23,967 - INFO - 
Analyzing GitLab repositories...
2025-02-04 16:45:23,968 - INFO - Analyzing repo: 01-template-hostpot-mikrotik
2025-02-04 16:45:23,976 - INFO - Analyzing repo: 0day-mikrotik
2025-02-04 16:45:23,983 - INFO - Analyzing repo: acceso-a-internet-aula-con-mikrotik-y-flask
2025-02-04 16:45:23,991 - INFO - Analyzing repo: am2
2025-02-04 16:45:24,026 - INFO - Analyzing repo: ansible-ee-mikrotik
2025-02-04 16:45:24,033 - INFO - Analyzing repo: ansible-mikrotik
2025-02-04 16:45:24,039 - INFO - Analyzing repo: ansible-mikrotik-exporter
2025-02-04 16:45:24,049 - INFO - Analyzing repo: ansible-mikrotik-l2tp-client
2025-02-04 16:45:24,057 - INFO - Analyzing repo: ansible-mikrotik-ospf
2025-02-04 16:45:24,066 - INFO - Analyzing repo: ansible-mikrotik-static-routes
2025-02-04 16:45:24,074 - INFO - Analyzing repo: ansible-mikrotik-users
2025-02-04 16:45:24,082 - INFO - Analyzing repo: ansible-role-setup-chr-mikrotik
2025-02-04 16:45:24,091 - INFO - Analyzing repo: ansible-telnet-mikrotik
2025-02-04 16:45:24,099 - INFO - Analyzing repo: api-graphic
2025-02-04 16:45:24,107 - INFO - Analyzing repo: auto-settings-route
2025-02-04 16:45:24,115 - INFO - Analyzing repo: aws-mikrotik-api
2025-02-04 16:45:24,124 - INFO - Analyzing repo: AWS-VPC-Site2Site-VPC-with-Mikrotik
2025-02-04 16:45:24,130 - INFO - Analyzing repo: backup
2025-02-04 16:45:24,137 - INFO - Analyzing repo: bak-ros
2025-02-04 16:45:24,144 - INFO - Analyzing repo: be-cekmac
2025-02-04 16:45:24,151 - INFO - Analyzing repo: block
2025-02-04 16:45:24,158 - INFO - Analyzing repo: Brute-force-Mikrotik
2025-02-04 16:45:24,167 - INFO - Analyzing repo: buananetpbun-github-io
2025-02-04 16:45:24,212 - INFO - Analyzing repo: cert.pl-hole-for-mikrotik
2025-02-04 16:45:24,219 - INFO - Analyzing repo: check-all-filesystems
2025-02-04 16:45:24,223 - INFO - Analyzing repo: check-mikrotik
2025-02-04 16:45:24,237 - INFO - Analyzing repo: Chimay-Red
2025-02-04 16:45:24,244 - INFO - Analyzing repo: Cloud-hotspot
2025-02-04 16:45:24,394 - INFO - Analyzing repo: comparando-mikrotik-routeros-com-vyos
2025-02-04 16:45:24,398 - INFO - Analyzing repo: core
2025-02-04 16:45:24,406 - INFO - Analyzing repo: createbackup
2025-02-04 16:45:24,414 - INFO - Analyzing repo: dhcpserver
2025-02-04 16:45:24,422 - INFO - Analyzing repo: dnsserver
2025-02-04 16:45:24,429 - INFO - Analyzing repo: docker-freeradius-mysql-mikrotik
2025-02-04 16:45:24,476 - INFO - Analyzing repo: docker-routeros
2025-02-04 16:45:24,484 - INFO - Analyzing repo: Easy-HotSpot
2025-02-04 16:45:24,508 - INFO - Analyzing repo: fe-mikrotik
2025-02-04 16:45:25,019 - INFO - Analyzing repo: free-login-hotspot-mikrotik
2025-02-04 16:45:25,029 - INFO - Analyzing repo: generate-mac-address-mikrotik
2025-02-04 16:45:25,035 - INFO - Analyzing repo: go-mikroticata
2025-02-04 16:45:25,043 - INFO - Analyzing repo: hairpin-nat
2025-02-04 16:45:25,049 - INFO - Analyzing repo: hotspot-api
2025-02-04 16:45:25,084 - INFO - Analyzing repo: hotspot-login-facebook-mikrotik
2025-02-04 16:45:25,095 - INFO - Analyzing repo: hotspottemplate
2025-02-04 16:45:25,114 - INFO - Analyzing repo: integrasi-mikrotik-freeradius-server
2025-02-04 16:45:25,121 - INFO - Analyzing repo: interfaces
2025-02-04 16:45:25,129 - INFO - Analyzing repo: konfigurasi-mikrotik-warnet
2025-02-04 16:45:25,135 - INFO - Analyzing repo: landing-mikrotik
2025-02-04 16:45:25,145 - INFO - Analyzing repo: learning_routing
2025-02-04 16:45:25,154 - INFO - Analyzing repo: login-hotspot-ptk-mahnetik
2025-02-04 16:45:25,165 - INFO - Analyzing repo: login-mikrotik-custome
2025-02-04 16:45:25,168 - INFO - Analyzing repo: lombamikrotik
2025-02-04 16:45:25,715 - INFO - Analyzing repo: m2w2t
2025-02-04 16:45:25,722 - INFO - Analyzing repo: maas-ros-helper
2025-02-04 16:45:25,729 - INFO - Analyzing repo: ManageMikrotik
2025-02-04 16:45:25,770 - INFO - Analyzing repo: marib-mikrotik
2025-02-04 16:45:25,784 - INFO - Analyzing repo: mikhmonv3
2025-02-04 16:45:25,811 - INFO - Analyzing repo: mikrocata
2025-02-04 16:45:25,819 - INFO - Analyzing repo: mikrologin.gitlab.io
2025-02-04 16:45:25,826 - INFO - Analyzing repo: mikronode
2025-02-04 16:45:25,835 - INFO - Analyzing repo: Mikrotik
2025-02-04 16:45:25,842 - INFO - Analyzing repo: mikrotik-647-default-hs-login
2025-02-04 16:45:25,851 - INFO - Analyzing repo: mikrotik-ansible
2025-02-04 16:45:25,858 - INFO - Analyzing repo: mikrotik-app-cloudflare-update
2025-02-04 16:45:25,865 - INFO - Analyzing repo: mikrotik-auction-app
2025-02-04 16:45:25,878 - INFO - Analyzing repo: mikrotik-audit
2025-02-04 16:45:25,896 - INFO - Analyzing repo: MIKROTIK-AUTO-BACKUP-FROM-BATCH
2025-02-04 16:45:25,902 - INFO - Analyzing repo: mikrotik-backup
2025-02-04 16:45:25,908 - INFO - Analyzing repo: mikrotik-backup-update
2025-02-04 16:45:25,915 - INFO - Analyzing repo: mikrotik-backups
2025-02-04 16:45:25,922 - INFO - Analyzing repo: Mikrotik-Bandwidth-Monitoring-Script
2025-02-04 16:45:25,928 - INFO - Analyzing repo: mikrotik-beeps
2025-02-04 16:45:25,937 - INFO - Analyzing repo: Mikrotik-Captive-Protal
2025-02-04 16:45:25,945 - INFO - Analyzing repo: mikrotik-conf
2025-02-04 16:45:25,952 - INFO - Analyzing repo: mikrotik-configuration-service
2025-02-04 16:45:25,960 - INFO - Analyzing repo: mikrotik-configure-management
2025-02-04 16:45:25,968 - INFO - Analyzing repo: mikrotik-curioso
2025-02-04 16:45:25,974 - INFO - Analyzing repo: mikrotik-dns
2025-02-04 16:45:25,982 - INFO - Analyzing repo: mikrotik-docker
2025-02-04 16:45:25,986 - INFO - Analyzing repo: mikrotik-dyn-fw
2025-02-04 16:45:25,992 - INFO - Analyzing repo: mikrotik-execute-custom-script
2025-02-04 16:45:25,996 - INFO - Analyzing repo: Mikrotik-Exporter
2025-02-04 16:45:26,007 - INFO - Analyzing repo: mikrotik-ext-cloudflare
2025-02-04 16:45:26,014 - INFO - Analyzing repo: mikrotik-firewall2mermaid
2025-02-04 16:45:26,024 - INFO - Analyzing repo: mikrotik-fw-dumper
2025-02-04 16:45:26,030 - INFO - Analyzing repo: mikrotik-hosts-parser
2025-02-04 16:45:26,037 - INFO - Analyzing repo: mikrotik-hotspot
2025-02-04 16:45:26,051 - INFO - Analyzing repo: mikrotik-hotspot-interface
2025-02-04 16:45:26,062 - INFO - Analyzing repo: mikrotik-hotspot-webinterface
2025-02-04 16:45:26,070 - INFO - Analyzing repo: mikrotik-import-certficates
2025-02-04 16:45:26,078 - INFO - Analyzing repo: mikrotik-interfaces
2025-02-04 16:45:26,086 - INFO - Analyzing repo: mikrotik-interfaces-addresses-ipv4
2025-02-04 16:45:26,094 - INFO - Analyzing repo: mikrotik-internet-management
2025-02-04 16:45:26,124 - INFO - Analyzing repo: mikrotik-ipsec
2025-02-04 16:45:26,133 - INFO - Analyzing repo: mikrotik-ipsec-pre-6.44beta61
2025-02-04 16:45:26,142 - INFO - Analyzing repo: mikrotik-java-api
2025-02-04 16:45:26,158 - INFO - Analyzing repo: mikrotik-login-page
2025-02-04 16:45:26,164 - INFO - Analyzing repo: mikrotik-login-template-hibrids-x
2025-02-04 16:45:26,182 - INFO - Analyzing repo: mikrotik-manage
2025-02-04 16:45:26,195 - INFO - Analyzing repo: Mikrotik-Manager
2025-02-04 16:45:26,280 - INFO - Analyzing repo: mikrotik-mangleproxy-hotspot
2025-02-04 16:45:26,287 - INFO - Analyzing repo: mikrotik-monitoring-ups-telegram
2025-02-04 16:45:26,296 - INFO - Analyzing repo: mikrotik-nagios
2025-02-04 16:45:26,302 - INFO - Analyzing repo: mikrotik-netinstall
2025-02-04 16:45:26,305 - INFO - Analyzing repo: mikrotik-npk
2025-02-04 16:45:26,313 - INFO - Analyzing repo: mikrotik-ntp
2025-02-04 16:45:26,320 - INFO - Analyzing repo: mikrotik-oneplus
2025-02-04 16:45:26,336 - INFO - Analyzing repo: mikrotik-port-forwarder-gui
2025-02-04 16:45:26,352 - INFO - Analyzing repo: mikrotik-port-scanner
2025-02-04 16:45:26,359 - INFO - Analyzing repo: mikrotik-radius
2025-02-04 16:45:26,368 - INFO - Analyzing repo: mikrotik-rancher
2025-02-04 16:45:26,374 - INFO - Analyzing repo: mikrotik-rif-viewer
2025-02-04 16:45:26,383 - INFO - Analyzing repo: mikrotik-router
2025-02-04 16:45:26,390 - INFO - Analyzing repo: mikrotik-routeros-automatic-backup-and-update
2025-02-04 16:45:26,395 - INFO - Analyzing repo: mikrotik-routeros-backup
2025-02-04 16:45:26,402 - INFO - Analyzing repo: Mikrotik-RTL-Theme
2025-02-04 16:45:26,416 - INFO - Analyzing repo: Mikrotik-rust
2025-02-04 16:45:26,423 - INFO - Analyzing repo: mikrotik-scheduled-configuration-rollback
2025-02-04 16:45:26,430 - INFO - Analyzing repo: mikrotik-script
2025-02-04 16:45:26,437 - INFO - Analyzing repo: MikroTik-Scripts
2025-02-04 16:45:26,444 - INFO - Analyzing repo: mikrotik-snmp-control
2025-02-04 16:45:26,450 - INFO - Analyzing repo: mikrotik-traffic-grapher
2025-02-04 16:45:26,464 - INFO - Analyzing repo: mikrotik-tty
2025-02-04 16:45:26,472 - INFO - Analyzing repo: mikrotik-tune-queue
2025-02-04 16:45:26,479 - INFO - Analyzing repo: mikrotik-tunnel
2025-02-04 16:45:26,490 - INFO - Analyzing repo: mikrotik-uplink-alert
2025-02-04 16:45:26,498 - INFO - Analyzing repo: mikrotik-usage-logging
2025-02-04 16:45:26,506 - INFO - Analyzing repo: MikrotikChudo
2025-02-04 16:45:26,515 - INFO - Analyzing repo: mikrotikexploit
2025-02-04 16:45:26,519 - INFO - Analyzing repo: mikrotikextdns
2025-02-04 16:45:26,528 - INFO - Analyzing repo: mikrotikgeoip
2025-02-04 16:45:26,535 - INFO - Analyzing repo: mikrotiklab
2025-02-04 16:45:26,542 - INFO - Analyzing repo: MikrotikSploit
2025-02-04 16:45:26,551 - INFO - Analyzing repo: mikrotiktodiscord
2025-02-04 16:45:26,554 - INFO - Analyzing repo: Mikrotik_conf
2025-02-04 16:45:26,561 - INFO - Analyzing repo: mikrotik_stats
2025-02-04 16:45:26,568 - INFO - Analyzing repo: mikrotik_tvswitcher_bot
2025-02-04 16:45:26,575 - INFO - Analyzing repo: MKBRUTUS
2025-02-04 16:45:26,581 - INFO - Analyzing repo: mkLogin
2025-02-04 16:45:26,590 - INFO - Analyzing repo: mssqlipbanner
2025-02-04 16:45:26,598 - INFO - Analyzing repo: mtikrtr
2025-02-04 16:45:26,605 - INFO - Analyzing repo: mtpass
2025-02-04 16:45:26,612 - INFO - Analyzing repo: musikrotik
2025-02-04 16:45:26,618 - INFO - Analyzing repo: nd_backup
2025-02-04 16:45:26,626 - INFO - Analyzing repo: nembak-wms-wifi.id-pakai-mikrotik
2025-02-04 16:45:26,632 - INFO - Analyzing repo: NetBillAppsv1
2025-02-04 16:45:26,857 - INFO - Analyzing repo: networking
2025-02-04 16:45:26,864 - INFO - Analyzing repo: network_litebeam_m5_priority
2025-02-04 16:45:26,871 - INFO - Analyzing repo: ntp
2025-02-04 16:45:26,878 - INFO - Analyzing repo: openwrt
2025-02-04 16:45:28,021 - INFO - Analyzing repo: openwrt-ar71xx-mikrotik-rb-nor-flash-16m-ac
2025-02-04 16:45:28,028 - INFO - Analyzing repo: playbooks
2025-02-04 16:45:28,036 - INFO - Analyzing repo: QuickConfigs
2025-02-04 16:45:28,108 - INFO - Analyzing repo: rancangan-sistem-manajemen-identitas-dan-akses-jaringan-pada-mikrotik-menggunakan-gns3
2025-02-04 16:45:28,116 - INFO - Analyzing repo: responsive-login-hotspot-smktika
2025-02-04 16:45:28,130 - INFO - Analyzing repo: Restore-Winbox-Sessions-to-Default
2025-02-04 16:45:28,137 - INFO - Analyzing repo: routeros
2025-02-04 16:45:28,145 - INFO - Analyzing repo: routeros-api
2025-02-04 16:45:28,152 - INFO - Analyzing repo: routeros-GPL
2025-02-04 16:45:28,168 - INFO - Analyzing repo: routeros-scripts
2025-02-04 16:45:28,204 - INFO - Analyzing repo: RubyTik
2025-02-04 16:45:28,214 - INFO - Analyzing repo: sentinel-mikrotik
2025-02-04 16:45:28,228 - INFO - Analyzing repo: setidentity
2025-02-04 16:45:28,235 - INFO - Analyzing repo: smtp-brute-force
2025-02-04 16:45:28,241 - INFO - Analyzing repo: snooper_mikrotik
2025-02-04 16:45:28,248 - INFO - Analyzing repo: Source-Code-TA
2025-02-04 16:45:28,453 - INFO - Analyzing repo: telegram_bot
2025-02-04 16:45:28,463 - INFO - Analyzing repo: terraform-mikrotik
2025-02-04 16:45:28,472 - INFO - Analyzing repo: terraform-provider-mikrotik
2025-02-04 16:45:28,480 - INFO - Analyzing repo: terraform-provider-routeros
2025-02-04 16:45:28,604 - INFO - Analyzing repo: Twasel-Net
2025-02-04 16:45:28,613 - INFO - Analyzing repo: tzsp-reader
2025-02-04 16:45:28,621 - INFO - Analyzing repo: usersmanagment
2025-02-04 16:45:28,628 - INFO - Analyzing repo: ussdmikrotik
2025-02-04 16:45:28,634 - INFO - Analyzing repo: vpls-and-vrrp-lab-mikrotik-vagrant
2025-02-04 16:45:28,640 - INFO - Analyzing repo: website
2025-02-04 16:45:28,647 - INFO - Analyzing repo: Website-API-MIKROTIK
2025-02-04 16:45:28,748 - INFO - Analyzing repo: wifi-red-button
2025-02-04 16:45:28,754 - INFO - Analyzing repo: winbox-mac
2025-02-04 16:45:28,762 - INFO - Analyzing repo: winbox-wine
2025-02-04 16:45:28,768 - INFO - Analyzing repo: windows-hyper-v-mikrotik-chr-vlan-nic-in-trunk-mode
2025-02-04 16:45:32,405 - INFO - 
Repository Analysis Summary:
2025-02-04 16:45:32,405 - INFO - Total repositories found: 181
2025-02-04 16:45:32,406 - INFO - Successfully analyzed: 181
2025-02-04 16:45:32,406 - INFO - Failed to analyze: 0
2025-02-04 16:45:32,406 - INFO - 
Top languages:
2025-02-04 16:45:32,406 - INFO -   js: 28 repos
2025-02-04 16:45:32,406 - INFO -   py: 25 repos
2025-02-04 16:45:32,406 - INFO -   php: 13 repos
2025-02-04 16:45:32,407 - INFO -   sh: 13 repos
2025-02-04 16:45:32,407 - INFO -   go: 7 repos
2025-02-04 16:45:32,407 - INFO - 
File categories:
2025-02-04 16:45:32,407 - INFO -   other: 14515 files
2025-02-04 16:45:32,407 - INFO -   code: 10911 files
2025-02-04 16:45:32,407 - INFO -   documentation: 685 files
2025-02-04 16:45:32,407 - INFO -   config: 339 files
2025-02-04 16:45:32,407 - INFO -   test: 236 files
2025-02-04 16:45:32,407 - INFO -   readme: 163 files
2025-02-04 16:45:32,408 - INFO -   license: 89 files
2025-02-04 16:45:32,408 - INFO -   changelog: 19 files
